2016-02-09 19:33:13 [127.0.0.1][-][-][error][ReflectionException] ReflectionException: Class yii\debug\Module does not exist in /app/www/bdoleave/vendor/yiisoft/yii2/di/Container.php:408
Stack trace:
#0 /app/www/bdoleave/vendor/yiisoft/yii2/di/Container.php(408): ReflectionClass->__construct('yii\\debug\\Modul...')
#1 /app/www/bdoleave/vendor/yiisoft/yii2/di/Container.php(354): yii\di\Container->getDependencies('yii\\debug\\Modul...')
#2 /app/www/bdoleave/vendor/yiisoft/yii2/di/Container.php(147): yii\di\Container->build('yii\\debug\\Modul...', Array, Array)
#3 /app/www/bdoleave/vendor/yiisoft/yii2/BaseYii.php(340): yii\di\Container->get('yii\\debug\\Modul...', Array)
#4 /app/www/bdoleave/vendor/yiisoft/yii2/base/Module.php(354): yii\BaseYii::createObject('yii\\debug\\Modul...', Array)
#5 /app/www/bdoleave/vendor/yiisoft/yii2/base/Application.php(304): yii\base\Module->getModule('debug')
#6 /app/www/bdoleave/vendor/yiisoft/yii2/web/Application.php(63): yii\base\Application->bootstrap()
#7 /app/www/bdoleave/vendor/yiisoft/yii2/base/Application.php(267): yii\web\Application->bootstrap()
#8 /app/www/bdoleave/vendor/yiisoft/yii2/base/Object.php(107): yii\base\Application->init()
#9 /app/www/bdoleave/vendor/yiisoft/yii2/base/Application.php(206): yii\base\Object->__construct(Array)
#10 /app/www/bdoleave/web/index.php(13): yii\base\Application->__construct(Array)
#11 {main}
2016-02-09 19:33:13 [127.0.0.1][-][-][info][application] $_SERVER = [
    'REDIRECT_UNIQUE_ID' => 'VrnciX8AAQEAAAumpDIAAAAA'
    'REDIRECT_STATUS' => '200'
    'UNIQUE_ID' => 'VrnciX8AAQEAAAumpDIAAAAA'
    'HTTP_HOST' => 'bdoleave.local'
    'HTTP_USER_AGENT' => 'Mozilla/5.0 (X11; Ubuntu; Linux x86_64; rv:41.0) Gecko/20100101 Firefox/41.0'
    'HTTP_ACCEPT' => 'text/html,application/xhtml+xml,application/xml;q=0.9,*/*;q=0.8'
    'HTTP_ACCEPT_LANGUAGE' => 'en-US,en;q=0.5'
    'HTTP_ACCEPT_ENCODING' => 'gzip, deflate'
    'HTTP_CONNECTION' => 'keep-alive'
    'HTTP_CACHE_CONTROL' => 'max-age=0'
    'PATH' => '/usr/local/sbin:/usr/local/bin:/usr/sbin:/usr/bin:/sbin:/bin'
    'LD_LIBRARY_PATH' => '/opt/lampp/lib:/opt/lampp/lib'
    'SERVER_SIGNATURE' => ''
    'SERVER_SOFTWARE' => 'Apache/2.4.18 (Unix) OpenSSL/1.0.2e PHP/7.0.1 mod_perl/2.0.8-dev Perl/v5.16.3'
    'SERVER_NAME' => 'bdoleave.local'
    'SERVER_ADDR' => '127.0.1.1'
    'SERVER_PORT' => '80'
    'REMOTE_ADDR' => '127.0.0.1'
    'DOCUMENT_ROOT' => '/app/www/bdoleave/'
    'REQUEST_SCHEME' => 'http'
    'CONTEXT_PREFIX' => ''
    'CONTEXT_DOCUMENT_ROOT' => '/app/www/bdoleave/'
    'SERVER_ADMIN' => 'ims@local'
    'SCRIPT_FILENAME' => '/app/www/bdoleave/web/index.php'
    'REMOTE_PORT' => '46636'
    'REDIRECT_URL' => '/'
    'GATEWAY_INTERFACE' => 'CGI/1.1'
    'SERVER_PROTOCOL' => 'HTTP/1.1'
    'REQUEST_METHOD' => 'GET'
    'QUERY_STRING' => ''
    'REQUEST_URI' => '/'
    'SCRIPT_NAME' => '/web/index.php'
    'PHP_SELF' => '/web/index.php'
    'REQUEST_TIME_FLOAT' => 1455021193.192
    'REQUEST_TIME' => 1455021193
]
2016-02-09 19:33:15 [127.0.0.1][-][-][error][ReflectionException] ReflectionException: Class yii\debug\Module does not exist in /app/www/bdoleave/vendor/yiisoft/yii2/di/Container.php:408
Stack trace:
#0 /app/www/bdoleave/vendor/yiisoft/yii2/di/Container.php(408): ReflectionClass->__construct('yii\\debug\\Modul...')
#1 /app/www/bdoleave/vendor/yiisoft/yii2/di/Container.php(354): yii\di\Container->getDependencies('yii\\debug\\Modul...')
#2 /app/www/bdoleave/vendor/yiisoft/yii2/di/Container.php(147): yii\di\Container->build('yii\\debug\\Modul...', Array, Array)
#3 /app/www/bdoleave/vendor/yiisoft/yii2/BaseYii.php(340): yii\di\Container->get('yii\\debug\\Modul...', Array)
#4 /app/www/bdoleave/vendor/yiisoft/yii2/base/Module.php(354): yii\BaseYii::createObject('yii\\debug\\Modul...', Array)
#5 /app/www/bdoleave/vendor/yiisoft/yii2/base/Application.php(304): yii\base\Module->getModule('debug')
#6 /app/www/bdoleave/vendor/yiisoft/yii2/web/Application.php(63): yii\base\Application->bootstrap()
#7 /app/www/bdoleave/vendor/yiisoft/yii2/base/Application.php(267): yii\web\Application->bootstrap()
#8 /app/www/bdoleave/vendor/yiisoft/yii2/base/Object.php(107): yii\base\Application->init()
#9 /app/www/bdoleave/vendor/yiisoft/yii2/base/Application.php(206): yii\base\Object->__construct(Array)
#10 /app/www/bdoleave/web/index.php(13): yii\base\Application->__construct(Array)
#11 {main}
2016-02-09 19:33:15 [127.0.0.1][-][-][info][application] $_SERVER = [
    'REDIRECT_UNIQUE_ID' => 'Vrnci38AAQEAAAunbPoAAAAB'
    'REDIRECT_STATUS' => '200'
    'UNIQUE_ID' => 'Vrnci38AAQEAAAunbPoAAAAB'
    'HTTP_HOST' => 'bdoleave.local'
    'HTTP_USER_AGENT' => 'Mozilla/5.0 (X11; Ubuntu; Linux x86_64; rv:41.0) Gecko/20100101 Firefox/41.0'
    'HTTP_ACCEPT' => 'text/html,application/xhtml+xml,application/xml;q=0.9,*/*;q=0.8'
    'HTTP_ACCEPT_LANGUAGE' => 'en-US,en;q=0.5'
    'HTTP_ACCEPT_ENCODING' => 'gzip, deflate'
    'HTTP_CONNECTION' => 'keep-alive'
    'HTTP_CACHE_CONTROL' => 'max-age=0'
    'PATH' => '/usr/local/sbin:/usr/local/bin:/usr/sbin:/usr/bin:/sbin:/bin'
    'LD_LIBRARY_PATH' => '/opt/lampp/lib:/opt/lampp/lib'
    'SERVER_SIGNATURE' => ''
    'SERVER_SOFTWARE' => 'Apache/2.4.18 (Unix) OpenSSL/1.0.2e PHP/7.0.1 mod_perl/2.0.8-dev Perl/v5.16.3'
    'SERVER_NAME' => 'bdoleave.local'
    'SERVER_ADDR' => '127.0.1.1'
    'SERVER_PORT' => '80'
    'REMOTE_ADDR' => '127.0.0.1'
    'DOCUMENT_ROOT' => '/app/www/bdoleave/'
    'REQUEST_SCHEME' => 'http'
    'CONTEXT_PREFIX' => ''
    'CONTEXT_DOCUMENT_ROOT' => '/app/www/bdoleave/'
    'SERVER_ADMIN' => 'ims@local'
    'SCRIPT_FILENAME' => '/app/www/bdoleave/web/index.php'
    'REMOTE_PORT' => '46638'
    'REDIRECT_URL' => '/'
    'GATEWAY_INTERFACE' => 'CGI/1.1'
    'SERVER_PROTOCOL' => 'HTTP/1.1'
    'REQUEST_METHOD' => 'GET'
    'QUERY_STRING' => ''
    'REQUEST_URI' => '/'
    'SCRIPT_NAME' => '/web/index.php'
    'PHP_SELF' => '/web/index.php'
    'REQUEST_TIME_FLOAT' => 1455021195.061
    'REQUEST_TIME' => 1455021195
]
2016-02-09 19:33:17 [127.0.0.1][-][-][error][ReflectionException] ReflectionException: Class yii\debug\Module does not exist in /app/www/bdoleave/vendor/yiisoft/yii2/di/Container.php:408
Stack trace:
#0 /app/www/bdoleave/vendor/yiisoft/yii2/di/Container.php(408): ReflectionClass->__construct('yii\\debug\\Modul...')
#1 /app/www/bdoleave/vendor/yiisoft/yii2/di/Container.php(354): yii\di\Container->getDependencies('yii\\debug\\Modul...')
#2 /app/www/bdoleave/vendor/yiisoft/yii2/di/Container.php(147): yii\di\Container->build('yii\\debug\\Modul...', Array, Array)
#3 /app/www/bdoleave/vendor/yiisoft/yii2/BaseYii.php(340): yii\di\Container->get('yii\\debug\\Modul...', Array)
#4 /app/www/bdoleave/vendor/yiisoft/yii2/base/Module.php(354): yii\BaseYii::createObject('yii\\debug\\Modul...', Array)
#5 /app/www/bdoleave/vendor/yiisoft/yii2/base/Application.php(304): yii\base\Module->getModule('debug')
#6 /app/www/bdoleave/vendor/yiisoft/yii2/web/Application.php(63): yii\base\Application->bootstrap()
#7 /app/www/bdoleave/vendor/yiisoft/yii2/base/Application.php(267): yii\web\Application->bootstrap()
#8 /app/www/bdoleave/vendor/yiisoft/yii2/base/Object.php(107): yii\base\Application->init()
#9 /app/www/bdoleave/vendor/yiisoft/yii2/base/Application.php(206): yii\base\Object->__construct(Array)
#10 /app/www/bdoleave/web/index.php(13): yii\base\Application->__construct(Array)
#11 {main}
2016-02-09 19:33:17 [127.0.0.1][-][-][info][application] $_SERVER = [
    'REDIRECT_UNIQUE_ID' => 'VrncjX8AAQEAAAuoDbQAAAAC'
    'REDIRECT_STATUS' => '200'
    'UNIQUE_ID' => 'VrncjX8AAQEAAAuoDbQAAAAC'
    'HTTP_HOST' => 'bdoleave.local'
    'HTTP_USER_AGENT' => 'Mozilla/5.0 (X11; Ubuntu; Linux x86_64; rv:41.0) Gecko/20100101 Firefox/41.0'
    'HTTP_ACCEPT' => 'text/html,application/xhtml+xml,application/xml;q=0.9,*/*;q=0.8'
    'HTTP_ACCEPT_LANGUAGE' => 'en-US,en;q=0.5'
    'HTTP_ACCEPT_ENCODING' => 'gzip, deflate'
    'HTTP_CONNECTION' => 'keep-alive'
    'HTTP_CACHE_CONTROL' => 'max-age=0'
    'PATH' => '/usr/local/sbin:/usr/local/bin:/usr/sbin:/usr/bin:/sbin:/bin'
    'LD_LIBRARY_PATH' => '/opt/lampp/lib:/opt/lampp/lib'
    'SERVER_SIGNATURE' => ''
    'SERVER_SOFTWARE' => 'Apache/2.4.18 (Unix) OpenSSL/1.0.2e PHP/7.0.1 mod_perl/2.0.8-dev Perl/v5.16.3'
    'SERVER_NAME' => 'bdoleave.local'
    'SERVER_ADDR' => '127.0.1.1'
    'SERVER_PORT' => '80'
    'REMOTE_ADDR' => '127.0.0.1'
    'DOCUMENT_ROOT' => '/app/www/bdoleave/'
    'REQUEST_SCHEME' => 'http'
    'CONTEXT_PREFIX' => ''
    'CONTEXT_DOCUMENT_ROOT' => '/app/www/bdoleave/'
    'SERVER_ADMIN' => 'ims@local'
    'SCRIPT_FILENAME' => '/app/www/bdoleave/web/index.php'
    'REMOTE_PORT' => '46640'
    'REDIRECT_URL' => '/'
    'GATEWAY_INTERFACE' => 'CGI/1.1'
    'SERVER_PROTOCOL' => 'HTTP/1.1'
    'REQUEST_METHOD' => 'GET'
    'QUERY_STRING' => ''
    'REQUEST_URI' => '/'
    'SCRIPT_NAME' => '/web/index.php'
    'PHP_SELF' => '/web/index.php'
    'REQUEST_TIME_FLOAT' => 1455021197.238
    'REQUEST_TIME' => 1455021197
]
2016-02-09 19:33:23 [127.0.0.1][-][-][error][ReflectionException] ReflectionException: Class yii\debug\Module does not exist in /app/www/bdoleave/vendor/yiisoft/yii2/di/Container.php:408
Stack trace:
#0 /app/www/bdoleave/vendor/yiisoft/yii2/di/Container.php(408): ReflectionClass->__construct('yii\\debug\\Modul...')
#1 /app/www/bdoleave/vendor/yiisoft/yii2/di/Container.php(354): yii\di\Container->getDependencies('yii\\debug\\Modul...')
#2 /app/www/bdoleave/vendor/yiisoft/yii2/di/Container.php(147): yii\di\Container->build('yii\\debug\\Modul...', Array, Array)
#3 /app/www/bdoleave/vendor/yiisoft/yii2/BaseYii.php(340): yii\di\Container->get('yii\\debug\\Modul...', Array)
#4 /app/www/bdoleave/vendor/yiisoft/yii2/base/Module.php(354): yii\BaseYii::createObject('yii\\debug\\Modul...', Array)
#5 /app/www/bdoleave/vendor/yiisoft/yii2/base/Application.php(304): yii\base\Module->getModule('debug')
#6 /app/www/bdoleave/vendor/yiisoft/yii2/web/Application.php(63): yii\base\Application->bootstrap()
#7 /app/www/bdoleave/vendor/yiisoft/yii2/base/Application.php(267): yii\web\Application->bootstrap()
#8 /app/www/bdoleave/vendor/yiisoft/yii2/base/Object.php(107): yii\base\Application->init()
#9 /app/www/bdoleave/vendor/yiisoft/yii2/base/Application.php(206): yii\base\Object->__construct(Array)
#10 /app/www/bdoleave/web/index.php(13): yii\base\Application->__construct(Array)
#11 {main}
2016-02-09 19:33:23 [127.0.0.1][-][-][info][application] $_SERVER = [
    'REDIRECT_UNIQUE_ID' => 'Vrnck38AAQEAAAupkuIAAAAD'
    'REDIRECT_STATUS' => '200'
    'UNIQUE_ID' => 'Vrnck38AAQEAAAupkuIAAAAD'
    'HTTP_HOST' => 'bdoleave.local'
    'HTTP_USER_AGENT' => 'Mozilla/5.0 (X11; Ubuntu; Linux x86_64; rv:41.0) Gecko/20100101 Firefox/41.0'
    'HTTP_ACCEPT' => 'text/html,application/xhtml+xml,application/xml;q=0.9,*/*;q=0.8'
    'HTTP_ACCEPT_LANGUAGE' => 'en-US,en;q=0.5'
    'HTTP_ACCEPT_ENCODING' => 'gzip, deflate'
    'HTTP_CONNECTION' => 'keep-alive'
    'PATH' => '/usr/local/sbin:/usr/local/bin:/usr/sbin:/usr/bin:/sbin:/bin'
    'LD_LIBRARY_PATH' => '/opt/lampp/lib:/opt/lampp/lib'
    'SERVER_SIGNATURE' => ''
    'SERVER_SOFTWARE' => 'Apache/2.4.18 (Unix) OpenSSL/1.0.2e PHP/7.0.1 mod_perl/2.0.8-dev Perl/v5.16.3'
    'SERVER_NAME' => 'bdoleave.local'
    'SERVER_ADDR' => '127.0.1.1'
    'SERVER_PORT' => '80'
    'REMOTE_ADDR' => '127.0.0.1'
    'DOCUMENT_ROOT' => '/app/www/bdoleave/'
    'REQUEST_SCHEME' => 'http'
    'CONTEXT_PREFIX' => ''
    'CONTEXT_DOCUMENT_ROOT' => '/app/www/bdoleave/'
    'SERVER_ADMIN' => 'ims@local'
    'SCRIPT_FILENAME' => '/app/www/bdoleave/web/index.php'
    'REMOTE_PORT' => '46642'
    'REDIRECT_URL' => '/'
    'GATEWAY_INTERFACE' => 'CGI/1.1'
    'SERVER_PROTOCOL' => 'HTTP/1.1'
    'REQUEST_METHOD' => 'GET'
    'QUERY_STRING' => ''
    'REQUEST_URI' => '/'
    'SCRIPT_NAME' => '/web/index.php'
    'PHP_SELF' => '/web/index.php'
    'REQUEST_TIME_FLOAT' => 1455021203.928
    'REQUEST_TIME' => 1455021203
]
2016-02-09 19:35:11 [127.0.0.1][-][-][error][ReflectionException] ReflectionException: Class yii\gii\Module does not exist in /app/www/bdoleave/vendor/yiisoft/yii2/di/Container.php:408
Stack trace:
#0 /app/www/bdoleave/vendor/yiisoft/yii2/di/Container.php(408): ReflectionClass->__construct('yii\\gii\\Module')
#1 /app/www/bdoleave/vendor/yiisoft/yii2/di/Container.php(354): yii\di\Container->getDependencies('yii\\gii\\Module')
#2 /app/www/bdoleave/vendor/yiisoft/yii2/di/Container.php(147): yii\di\Container->build('yii\\gii\\Module', Array, Array)
#3 /app/www/bdoleave/vendor/yiisoft/yii2/BaseYii.php(340): yii\di\Container->get('yii\\gii\\Module', Array)
#4 /app/www/bdoleave/vendor/yiisoft/yii2/base/Module.php(354): yii\BaseYii::createObject('yii\\gii\\Module', Array)
#5 /app/www/bdoleave/vendor/yiisoft/yii2/base/Application.php(304): yii\base\Module->getModule('gii')
#6 /app/www/bdoleave/vendor/yiisoft/yii2/web/Application.php(63): yii\base\Application->bootstrap()
#7 /app/www/bdoleave/vendor/yiisoft/yii2/base/Application.php(267): yii\web\Application->bootstrap()
#8 /app/www/bdoleave/vendor/yiisoft/yii2/base/Object.php(107): yii\base\Application->init()
#9 /app/www/bdoleave/vendor/yiisoft/yii2/base/Application.php(206): yii\base\Object->__construct(Array)
#10 /app/www/bdoleave/web/index.php(13): yii\base\Application->__construct(Array)
#11 {main}
2016-02-09 19:35:11 [127.0.0.1][-][-][info][application] $_SERVER = [
    'REDIRECT_UNIQUE_ID' => 'Vrnc-38AAQEAAAuqXlEAAAAE'
    'REDIRECT_STATUS' => '200'
    'UNIQUE_ID' => 'Vrnc-38AAQEAAAuqXlEAAAAE'
    'HTTP_HOST' => 'bdoleave.local'
    'HTTP_USER_AGENT' => 'Mozilla/5.0 (X11; Ubuntu; Linux x86_64; rv:41.0) Gecko/20100101 Firefox/41.0'
    'HTTP_ACCEPT' => 'text/html,application/xhtml+xml,application/xml;q=0.9,*/*;q=0.8'
    'HTTP_ACCEPT_LANGUAGE' => 'en-US,en;q=0.5'
    'HTTP_ACCEPT_ENCODING' => 'gzip, deflate'
    'HTTP_CONNECTION' => 'keep-alive'
    'HTTP_CACHE_CONTROL' => 'max-age=0'
    'PATH' => '/usr/local/sbin:/usr/local/bin:/usr/sbin:/usr/bin:/sbin:/bin'
    'LD_LIBRARY_PATH' => '/opt/lampp/lib:/opt/lampp/lib'
    'SERVER_SIGNATURE' => ''
    'SERVER_SOFTWARE' => 'Apache/2.4.18 (Unix) OpenSSL/1.0.2e PHP/7.0.1 mod_perl/2.0.8-dev Perl/v5.16.3'
    'SERVER_NAME' => 'bdoleave.local'
    'SERVER_ADDR' => '127.0.1.1'
    'SERVER_PORT' => '80'
    'REMOTE_ADDR' => '127.0.0.1'
    'DOCUMENT_ROOT' => '/app/www/bdoleave/'
    'REQUEST_SCHEME' => 'http'
    'CONTEXT_PREFIX' => ''
    'CONTEXT_DOCUMENT_ROOT' => '/app/www/bdoleave/'
    'SERVER_ADMIN' => 'ims@local'
    'SCRIPT_FILENAME' => '/app/www/bdoleave/web/index.php'
    'REMOTE_PORT' => '46868'
    'REDIRECT_URL' => '/'
    'GATEWAY_INTERFACE' => 'CGI/1.1'
    'SERVER_PROTOCOL' => 'HTTP/1.1'
    'REQUEST_METHOD' => 'GET'
    'QUERY_STRING' => ''
    'REQUEST_URI' => '/'
    'SCRIPT_NAME' => '/web/index.php'
    'PHP_SELF' => '/web/index.php'
    'REQUEST_TIME_FLOAT' => 1455021311.629
    'REQUEST_TIME' => 1455021311
]
2016-02-09 20:08:44 [127.0.0.1][][-][error][yii\db\Exception] PDOException: SQLSTATE[HY000] [1045] Access denied for user 'root'@'localhost' (using password: YES) in /app/www/bdoleave/vendor/yiisoft/yii2/db/Connection.php:579
Stack trace:
#0 /app/www/bdoleave/vendor/yiisoft/yii2/db/Connection.php(579): PDO->__construct('mysql:host=loca...', 'root', 'mysql', NULL)
#1 /app/www/bdoleave/vendor/yiisoft/yii2/db/Connection.php(529): yii\db\Connection->createPdoInstance()
#2 /app/www/bdoleave/vendor/yiisoft/yii2/db/Connection.php(836): yii\db\Connection->open()
#3 /app/www/bdoleave/vendor/yiisoft/yii2/db/Connection.php(823): yii\db\Connection->getMasterPdo()
#4 /app/www/bdoleave/vendor/yiisoft/yii2/db/Command.php(208): yii\db\Connection->getSlavePdo()
#5 /app/www/bdoleave/vendor/yiisoft/yii2/db/Command.php(813): yii\db\Command->prepare(true)
#6 /app/www/bdoleave/vendor/yiisoft/yii2/db/Command.php(350): yii\db\Command->queryInternal('fetchAll', NULL)
#7 /app/www/bdoleave/vendor/yiisoft/yii2/db/mysql/Schema.php(198): yii\db\Command->queryAll()
#8 /app/www/bdoleave/vendor/yiisoft/yii2/db/mysql/Schema.php(97): yii\db\mysql\Schema->findColumns(Object(yii\db\TableSchema))
#9 /app/www/bdoleave/vendor/yiisoft/yii2/db/Schema.php(139): yii\db\mysql\Schema->loadTableSchema('employee')
#10 /app/www/bdoleave/vendor/yiisoft/yii2/db/ActiveRecord.php(286): yii\db\Schema->getTableSchema('employee')
#11 /app/www/bdoleave/vendor/yiisoft/yii2/db/ActiveRecord.php(319): yii\db\ActiveRecord::getTableSchema()
#12 /app/www/bdoleave/vendor/yiisoft/yii2/db/BaseActiveRecord.php(421): yii\db\ActiveRecord->attributes()
#13 /app/www/bdoleave/vendor/yiisoft/yii2/db/BaseActiveRecord.php(263): yii\db\BaseActiveRecord->hasAttribute('scenario')
#14 /app/www/bdoleave/vendor/yiisoft/yii2/BaseYii.php(518): yii\db\BaseActiveRecord->__set('scenario', 'login')
#15 /app/www/bdoleave/vendor/yiisoft/yii2/base/Object.php(105): yii\BaseYii::configure(Object(app\models\Employee), Array)
#16 /app/www/bdoleave/controllers/SiteController.php(47): yii\base\Object->__construct(Array)
#17 [internal function]: app\controllers\SiteController->actionLogin()
#18 /app/www/bdoleave/vendor/yiisoft/yii2/base/InlineAction.php(55): call_user_func_array(Array, Array)
#19 /app/www/bdoleave/vendor/yiisoft/yii2/base/Controller.php(151): yii\base\InlineAction->runWithParams(Array)
#20 /app/www/bdoleave/vendor/yiisoft/yii2/base/Module.php(455): yii\base\Controller->runAction('login', Array)
#21 /app/www/bdoleave/vendor/yiisoft/yii2/web/Application.php(83): yii\base\Module->runAction('site/login', Array)
#22 /app/www/bdoleave/vendor/yiisoft/yii2/base/Application.php(375): yii\web\Application->handleRequest(Object(yii\web\Request))
#23 /app/www/bdoleave/web/index.php(13): yii\base\Application->run()
#24 {main}

Next yii\db\Exception: SQLSTATE[HY000] [1045] Access denied for user 'root'@'localhost' (using password: YES) in /app/www/bdoleave/vendor/yiisoft/yii2/db/Connection.php:534
Stack trace:
#0 /app/www/bdoleave/vendor/yiisoft/yii2/db/Connection.php(836): yii\db\Connection->open()
#1 /app/www/bdoleave/vendor/yiisoft/yii2/db/Connection.php(823): yii\db\Connection->getMasterPdo()
#2 /app/www/bdoleave/vendor/yiisoft/yii2/db/Command.php(208): yii\db\Connection->getSlavePdo()
#3 /app/www/bdoleave/vendor/yiisoft/yii2/db/Command.php(813): yii\db\Command->prepare(true)
#4 /app/www/bdoleave/vendor/yiisoft/yii2/db/Command.php(350): yii\db\Command->queryInternal('fetchAll', NULL)
#5 /app/www/bdoleave/vendor/yiisoft/yii2/db/mysql/Schema.php(198): yii\db\Command->queryAll()
#6 /app/www/bdoleave/vendor/yiisoft/yii2/db/mysql/Schema.php(97): yii\db\mysql\Schema->findColumns(Object(yii\db\TableSchema))
#7 /app/www/bdoleave/vendor/yiisoft/yii2/db/Schema.php(139): yii\db\mysql\Schema->loadTableSchema('employee')
#8 /app/www/bdoleave/vendor/yiisoft/yii2/db/ActiveRecord.php(286): yii\db\Schema->getTableSchema('employee')
#9 /app/www/bdoleave/vendor/yiisoft/yii2/db/ActiveRecord.php(319): yii\db\ActiveRecord::getTableSchema()
#10 /app/www/bdoleave/vendor/yiisoft/yii2/db/BaseActiveRecord.php(421): yii\db\ActiveRecord->attributes()
#11 /app/www/bdoleave/vendor/yiisoft/yii2/db/BaseActiveRecord.php(263): yii\db\BaseActiveRecord->hasAttribute('scenario')
#12 /app/www/bdoleave/vendor/yiisoft/yii2/BaseYii.php(518): yii\db\BaseActiveRecord->__set('scenario', 'login')
#13 /app/www/bdoleave/vendor/yiisoft/yii2/base/Object.php(105): yii\BaseYii::configure(Object(app\models\Employee), Array)
#14 /app/www/bdoleave/controllers/SiteController.php(47): yii\base\Object->__construct(Array)
#15 [internal function]: app\controllers\SiteController->actionLogin()
#16 /app/www/bdoleave/vendor/yiisoft/yii2/base/InlineAction.php(55): call_user_func_array(Array, Array)
#17 /app/www/bdoleave/vendor/yiisoft/yii2/base/Controller.php(151): yii\base\InlineAction->runWithParams(Array)
#18 /app/www/bdoleave/vendor/yiisoft/yii2/base/Module.php(455): yii\base\Controller->runAction('login', Array)
#19 /app/www/bdoleave/vendor/yiisoft/yii2/web/Application.php(83): yii\base\Module->runAction('site/login', Array)
#20 /app/www/bdoleave/vendor/yiisoft/yii2/base/Application.php(375): yii\web\Application->handleRequest(Object(yii\web\Request))
#21 /app/www/bdoleave/web/index.php(13): yii\base\Application->run()
#22 {main}
Additional Information:

2016-02-09 20:08:44 [127.0.0.1][][-][info][application] $_GET = [
    'r' => 'site/login'
]

$_SERVER = [
    'UNIQUE_ID' => 'Vrnk3H8AAQEAAAhi3fMAAAAA'
    'HTTP_HOST' => 'bdoleave.local'
    'HTTP_USER_AGENT' => 'Mozilla/5.0 (X11; Ubuntu; Linux x86_64; rv:41.0) Gecko/20100101 Firefox/41.0'
    'HTTP_ACCEPT' => 'text/html,application/xhtml+xml,application/xml;q=0.9,*/*;q=0.8'
    'HTTP_ACCEPT_LANGUAGE' => 'en-US,en;q=0.5'
    'HTTP_ACCEPT_ENCODING' => 'gzip, deflate'
    'HTTP_CONNECTION' => 'keep-alive'
    'PATH' => '/usr/local/sbin:/usr/local/bin:/usr/sbin:/usr/bin:/sbin:/bin'
    'LD_LIBRARY_PATH' => '/opt/lampp/lib:/opt/lampp/lib'
    'SERVER_SIGNATURE' => ''
    'SERVER_SOFTWARE' => 'Apache/2.4.18 (Unix) OpenSSL/1.0.2e PHP/7.0.1 mod_perl/2.0.8-dev Perl/v5.16.3'
    'SERVER_NAME' => 'bdoleave.local'
    'SERVER_ADDR' => '127.0.1.1'
    'SERVER_PORT' => '80'
    'REMOTE_ADDR' => '127.0.0.1'
    'DOCUMENT_ROOT' => '/app/www/bdoleave/'
    'REQUEST_SCHEME' => 'http'
    'CONTEXT_PREFIX' => ''
    'CONTEXT_DOCUMENT_ROOT' => '/app/www/bdoleave/'
    'SERVER_ADMIN' => 'ims@local'
    'SCRIPT_FILENAME' => '/app/www/bdoleave/web/index.php'
    'REMOTE_PORT' => '50704'
    'GATEWAY_INTERFACE' => 'CGI/1.1'
    'SERVER_PROTOCOL' => 'HTTP/1.1'
    'REQUEST_METHOD' => 'GET'
    'QUERY_STRING' => 'r=site%2Flogin'
    'REQUEST_URI' => '/web/index.php?r=site%2Flogin'
    'SCRIPT_NAME' => '/web/index.php'
    'PHP_SELF' => '/web/index.php'
    'REQUEST_TIME_FLOAT' => 1455023324.502
    'REQUEST_TIME' => 1455023324
]
2016-02-09 20:08:45 [127.0.0.1][][-][error][yii\db\Exception] PDOException: SQLSTATE[HY000] [1045] Access denied for user 'root'@'localhost' (using password: YES) in /app/www/bdoleave/vendor/yiisoft/yii2/db/Connection.php:579
Stack trace:
#0 /app/www/bdoleave/vendor/yiisoft/yii2/db/Connection.php(579): PDO->__construct('mysql:host=loca...', 'root', 'mysql', NULL)
#1 /app/www/bdoleave/vendor/yiisoft/yii2/db/Connection.php(529): yii\db\Connection->createPdoInstance()
#2 /app/www/bdoleave/vendor/yiisoft/yii2/db/Connection.php(836): yii\db\Connection->open()
#3 /app/www/bdoleave/vendor/yiisoft/yii2/db/Connection.php(823): yii\db\Connection->getMasterPdo()
#4 /app/www/bdoleave/vendor/yiisoft/yii2/db/Command.php(208): yii\db\Connection->getSlavePdo()
#5 /app/www/bdoleave/vendor/yiisoft/yii2/db/Command.php(813): yii\db\Command->prepare(true)
#6 /app/www/bdoleave/vendor/yiisoft/yii2/db/Command.php(350): yii\db\Command->queryInternal('fetchAll', NULL)
#7 /app/www/bdoleave/vendor/yiisoft/yii2/db/mysql/Schema.php(198): yii\db\Command->queryAll()
#8 /app/www/bdoleave/vendor/yiisoft/yii2/db/mysql/Schema.php(97): yii\db\mysql\Schema->findColumns(Object(yii\db\TableSchema))
#9 /app/www/bdoleave/vendor/yiisoft/yii2/db/Schema.php(139): yii\db\mysql\Schema->loadTableSchema('employee')
#10 /app/www/bdoleave/vendor/yiisoft/yii2/db/ActiveRecord.php(286): yii\db\Schema->getTableSchema('employee')
#11 /app/www/bdoleave/vendor/yiisoft/yii2/db/ActiveRecord.php(319): yii\db\ActiveRecord::getTableSchema()
#12 /app/www/bdoleave/vendor/yiisoft/yii2/db/BaseActiveRecord.php(421): yii\db\ActiveRecord->attributes()
#13 /app/www/bdoleave/vendor/yiisoft/yii2/db/BaseActiveRecord.php(263): yii\db\BaseActiveRecord->hasAttribute('scenario')
#14 /app/www/bdoleave/vendor/yiisoft/yii2/BaseYii.php(518): yii\db\BaseActiveRecord->__set('scenario', 'login')
#15 /app/www/bdoleave/vendor/yiisoft/yii2/base/Object.php(105): yii\BaseYii::configure(Object(app\models\Employee), Array)
#16 /app/www/bdoleave/controllers/SiteController.php(47): yii\base\Object->__construct(Array)
#17 [internal function]: app\controllers\SiteController->actionLogin()
#18 /app/www/bdoleave/vendor/yiisoft/yii2/base/InlineAction.php(55): call_user_func_array(Array, Array)
#19 /app/www/bdoleave/vendor/yiisoft/yii2/base/Controller.php(151): yii\base\InlineAction->runWithParams(Array)
#20 /app/www/bdoleave/vendor/yiisoft/yii2/base/Module.php(455): yii\base\Controller->runAction('login', Array)
#21 /app/www/bdoleave/vendor/yiisoft/yii2/web/Application.php(83): yii\base\Module->runAction('site/login', Array)
#22 /app/www/bdoleave/vendor/yiisoft/yii2/base/Application.php(375): yii\web\Application->handleRequest(Object(yii\web\Request))
#23 /app/www/bdoleave/web/index.php(13): yii\base\Application->run()
#24 {main}

Next yii\db\Exception: SQLSTATE[HY000] [1045] Access denied for user 'root'@'localhost' (using password: YES) in /app/www/bdoleave/vendor/yiisoft/yii2/db/Connection.php:534
Stack trace:
#0 /app/www/bdoleave/vendor/yiisoft/yii2/db/Connection.php(836): yii\db\Connection->open()
#1 /app/www/bdoleave/vendor/yiisoft/yii2/db/Connection.php(823): yii\db\Connection->getMasterPdo()
#2 /app/www/bdoleave/vendor/yiisoft/yii2/db/Command.php(208): yii\db\Connection->getSlavePdo()
#3 /app/www/bdoleave/vendor/yiisoft/yii2/db/Command.php(813): yii\db\Command->prepare(true)
#4 /app/www/bdoleave/vendor/yiisoft/yii2/db/Command.php(350): yii\db\Command->queryInternal('fetchAll', NULL)
#5 /app/www/bdoleave/vendor/yiisoft/yii2/db/mysql/Schema.php(198): yii\db\Command->queryAll()
#6 /app/www/bdoleave/vendor/yiisoft/yii2/db/mysql/Schema.php(97): yii\db\mysql\Schema->findColumns(Object(yii\db\TableSchema))
#7 /app/www/bdoleave/vendor/yiisoft/yii2/db/Schema.php(139): yii\db\mysql\Schema->loadTableSchema('employee')
#8 /app/www/bdoleave/vendor/yiisoft/yii2/db/ActiveRecord.php(286): yii\db\Schema->getTableSchema('employee')
#9 /app/www/bdoleave/vendor/yiisoft/yii2/db/ActiveRecord.php(319): yii\db\ActiveRecord::getTableSchema()
#10 /app/www/bdoleave/vendor/yiisoft/yii2/db/BaseActiveRecord.php(421): yii\db\ActiveRecord->attributes()
#11 /app/www/bdoleave/vendor/yiisoft/yii2/db/BaseActiveRecord.php(263): yii\db\BaseActiveRecord->hasAttribute('scenario')
#12 /app/www/bdoleave/vendor/yiisoft/yii2/BaseYii.php(518): yii\db\BaseActiveRecord->__set('scenario', 'login')
#13 /app/www/bdoleave/vendor/yiisoft/yii2/base/Object.php(105): yii\BaseYii::configure(Object(app\models\Employee), Array)
#14 /app/www/bdoleave/controllers/SiteController.php(47): yii\base\Object->__construct(Array)
#15 [internal function]: app\controllers\SiteController->actionLogin()
#16 /app/www/bdoleave/vendor/yiisoft/yii2/base/InlineAction.php(55): call_user_func_array(Array, Array)
#17 /app/www/bdoleave/vendor/yiisoft/yii2/base/Controller.php(151): yii\base\InlineAction->runWithParams(Array)
#18 /app/www/bdoleave/vendor/yiisoft/yii2/base/Module.php(455): yii\base\Controller->runAction('login', Array)
#19 /app/www/bdoleave/vendor/yiisoft/yii2/web/Application.php(83): yii\base\Module->runAction('site/login', Array)
#20 /app/www/bdoleave/vendor/yiisoft/yii2/base/Application.php(375): yii\web\Application->handleRequest(Object(yii\web\Request))
#21 /app/www/bdoleave/web/index.php(13): yii\base\Application->run()
#22 {main}
Additional Information:

2016-02-09 20:08:45 [127.0.0.1][][-][info][application] $_GET = [
    'r' => 'site/login'
]

$_SERVER = [
    'UNIQUE_ID' => 'Vrnk3X8AAQEAAAhjkMkAAAAB'
    'HTTP_HOST' => 'bdoleave.local'
    'HTTP_USER_AGENT' => 'Mozilla/5.0 (X11; Ubuntu; Linux x86_64; rv:41.0) Gecko/20100101 Firefox/41.0'
    'HTTP_ACCEPT' => 'text/html,application/xhtml+xml,application/xml;q=0.9,*/*;q=0.8'
    'HTTP_ACCEPT_LANGUAGE' => 'en-US,en;q=0.5'
    'HTTP_ACCEPT_ENCODING' => 'gzip, deflate'
    'HTTP_CONNECTION' => 'keep-alive'
    'HTTP_CACHE_CONTROL' => 'max-age=0'
    'PATH' => '/usr/local/sbin:/usr/local/bin:/usr/sbin:/usr/bin:/sbin:/bin'
    'LD_LIBRARY_PATH' => '/opt/lampp/lib:/opt/lampp/lib'
    'SERVER_SIGNATURE' => ''
    'SERVER_SOFTWARE' => 'Apache/2.4.18 (Unix) OpenSSL/1.0.2e PHP/7.0.1 mod_perl/2.0.8-dev Perl/v5.16.3'
    'SERVER_NAME' => 'bdoleave.local'
    'SERVER_ADDR' => '127.0.1.1'
    'SERVER_PORT' => '80'
    'REMOTE_ADDR' => '127.0.0.1'
    'DOCUMENT_ROOT' => '/app/www/bdoleave/'
    'REQUEST_SCHEME' => 'http'
    'CONTEXT_PREFIX' => ''
    'CONTEXT_DOCUMENT_ROOT' => '/app/www/bdoleave/'
    'SERVER_ADMIN' => 'ims@local'
    'SCRIPT_FILENAME' => '/app/www/bdoleave/web/index.php'
    'REMOTE_PORT' => '50706'
    'GATEWAY_INTERFACE' => 'CGI/1.1'
    'SERVER_PROTOCOL' => 'HTTP/1.1'
    'REQUEST_METHOD' => 'GET'
    'QUERY_STRING' => 'r=site%2Flogin'
    'REQUEST_URI' => '/web/index.php?r=site%2Flogin'
    'SCRIPT_NAME' => '/web/index.php'
    'PHP_SELF' => '/web/index.php'
    'REQUEST_TIME_FLOAT' => 1455023325.797
    'REQUEST_TIME' => 1455023325
]
2016-02-09 20:08:46 [127.0.0.1][][-][error][yii\db\Exception] PDOException: SQLSTATE[HY000] [1045] Access denied for user 'root'@'localhost' (using password: YES) in /app/www/bdoleave/vendor/yiisoft/yii2/db/Connection.php:579
Stack trace:
#0 /app/www/bdoleave/vendor/yiisoft/yii2/db/Connection.php(579): PDO->__construct('mysql:host=loca...', 'root', 'mysql', NULL)
#1 /app/www/bdoleave/vendor/yiisoft/yii2/db/Connection.php(529): yii\db\Connection->createPdoInstance()
#2 /app/www/bdoleave/vendor/yiisoft/yii2/db/Connection.php(836): yii\db\Connection->open()
#3 /app/www/bdoleave/vendor/yiisoft/yii2/db/Connection.php(823): yii\db\Connection->getMasterPdo()
#4 /app/www/bdoleave/vendor/yiisoft/yii2/db/Command.php(208): yii\db\Connection->getSlavePdo()
#5 /app/www/bdoleave/vendor/yiisoft/yii2/db/Command.php(813): yii\db\Command->prepare(true)
#6 /app/www/bdoleave/vendor/yiisoft/yii2/db/Command.php(350): yii\db\Command->queryInternal('fetchAll', NULL)
#7 /app/www/bdoleave/vendor/yiisoft/yii2/db/mysql/Schema.php(198): yii\db\Command->queryAll()
#8 /app/www/bdoleave/vendor/yiisoft/yii2/db/mysql/Schema.php(97): yii\db\mysql\Schema->findColumns(Object(yii\db\TableSchema))
#9 /app/www/bdoleave/vendor/yiisoft/yii2/db/Schema.php(139): yii\db\mysql\Schema->loadTableSchema('employee')
#10 /app/www/bdoleave/vendor/yiisoft/yii2/db/ActiveRecord.php(286): yii\db\Schema->getTableSchema('employee')
#11 /app/www/bdoleave/vendor/yiisoft/yii2/db/ActiveRecord.php(319): yii\db\ActiveRecord::getTableSchema()
#12 /app/www/bdoleave/vendor/yiisoft/yii2/db/BaseActiveRecord.php(421): yii\db\ActiveRecord->attributes()
#13 /app/www/bdoleave/vendor/yiisoft/yii2/db/BaseActiveRecord.php(263): yii\db\BaseActiveRecord->hasAttribute('scenario')
#14 /app/www/bdoleave/vendor/yiisoft/yii2/BaseYii.php(518): yii\db\BaseActiveRecord->__set('scenario', 'login')
#15 /app/www/bdoleave/vendor/yiisoft/yii2/base/Object.php(105): yii\BaseYii::configure(Object(app\models\Employee), Array)
#16 /app/www/bdoleave/controllers/SiteController.php(47): yii\base\Object->__construct(Array)
#17 [internal function]: app\controllers\SiteController->actionLogin()
#18 /app/www/bdoleave/vendor/yiisoft/yii2/base/InlineAction.php(55): call_user_func_array(Array, Array)
#19 /app/www/bdoleave/vendor/yiisoft/yii2/base/Controller.php(151): yii\base\InlineAction->runWithParams(Array)
#20 /app/www/bdoleave/vendor/yiisoft/yii2/base/Module.php(455): yii\base\Controller->runAction('login', Array)
#21 /app/www/bdoleave/vendor/yiisoft/yii2/web/Application.php(83): yii\base\Module->runAction('site/login', Array)
#22 /app/www/bdoleave/vendor/yiisoft/yii2/base/Application.php(375): yii\web\Application->handleRequest(Object(yii\web\Request))
#23 /app/www/bdoleave/web/index.php(13): yii\base\Application->run()
#24 {main}

Next yii\db\Exception: SQLSTATE[HY000] [1045] Access denied for user 'root'@'localhost' (using password: YES) in /app/www/bdoleave/vendor/yiisoft/yii2/db/Connection.php:534
Stack trace:
#0 /app/www/bdoleave/vendor/yiisoft/yii2/db/Connection.php(836): yii\db\Connection->open()
#1 /app/www/bdoleave/vendor/yiisoft/yii2/db/Connection.php(823): yii\db\Connection->getMasterPdo()
#2 /app/www/bdoleave/vendor/yiisoft/yii2/db/Command.php(208): yii\db\Connection->getSlavePdo()
#3 /app/www/bdoleave/vendor/yiisoft/yii2/db/Command.php(813): yii\db\Command->prepare(true)
#4 /app/www/bdoleave/vendor/yiisoft/yii2/db/Command.php(350): yii\db\Command->queryInternal('fetchAll', NULL)
#5 /app/www/bdoleave/vendor/yiisoft/yii2/db/mysql/Schema.php(198): yii\db\Command->queryAll()
#6 /app/www/bdoleave/vendor/yiisoft/yii2/db/mysql/Schema.php(97): yii\db\mysql\Schema->findColumns(Object(yii\db\TableSchema))
#7 /app/www/bdoleave/vendor/yiisoft/yii2/db/Schema.php(139): yii\db\mysql\Schema->loadTableSchema('employee')
#8 /app/www/bdoleave/vendor/yiisoft/yii2/db/ActiveRecord.php(286): yii\db\Schema->getTableSchema('employee')
#9 /app/www/bdoleave/vendor/yiisoft/yii2/db/ActiveRecord.php(319): yii\db\ActiveRecord::getTableSchema()
#10 /app/www/bdoleave/vendor/yiisoft/yii2/db/BaseActiveRecord.php(421): yii\db\ActiveRecord->attributes()
#11 /app/www/bdoleave/vendor/yiisoft/yii2/db/BaseActiveRecord.php(263): yii\db\BaseActiveRecord->hasAttribute('scenario')
#12 /app/www/bdoleave/vendor/yiisoft/yii2/BaseYii.php(518): yii\db\BaseActiveRecord->__set('scenario', 'login')
#13 /app/www/bdoleave/vendor/yiisoft/yii2/base/Object.php(105): yii\BaseYii::configure(Object(app\models\Employee), Array)
#14 /app/www/bdoleave/controllers/SiteController.php(47): yii\base\Object->__construct(Array)
#15 [internal function]: app\controllers\SiteController->actionLogin()
#16 /app/www/bdoleave/vendor/yiisoft/yii2/base/InlineAction.php(55): call_user_func_array(Array, Array)
#17 /app/www/bdoleave/vendor/yiisoft/yii2/base/Controller.php(151): yii\base\InlineAction->runWithParams(Array)
#18 /app/www/bdoleave/vendor/yiisoft/yii2/base/Module.php(455): yii\base\Controller->runAction('login', Array)
#19 /app/www/bdoleave/vendor/yiisoft/yii2/web/Application.php(83): yii\base\Module->runAction('site/login', Array)
#20 /app/www/bdoleave/vendor/yiisoft/yii2/base/Application.php(375): yii\web\Application->handleRequest(Object(yii\web\Request))
#21 /app/www/bdoleave/web/index.php(13): yii\base\Application->run()
#22 {main}
Additional Information:

2016-02-09 20:08:46 [127.0.0.1][][-][info][application] $_GET = [
    'r' => 'site/login'
]

$_SERVER = [
    'UNIQUE_ID' => 'Vrnk3n8AAQEAAAhl43kAAAAD'
    'HTTP_HOST' => 'bdoleave.local'
    'HTTP_USER_AGENT' => 'Mozilla/5.0 (X11; Ubuntu; Linux x86_64; rv:41.0) Gecko/20100101 Firefox/41.0'
    'HTTP_ACCEPT' => 'text/html,application/xhtml+xml,application/xml;q=0.9,*/*;q=0.8'
    'HTTP_ACCEPT_LANGUAGE' => 'en-US,en;q=0.5'
    'HTTP_ACCEPT_ENCODING' => 'gzip, deflate'
    'HTTP_CONNECTION' => 'keep-alive'
    'HTTP_CACHE_CONTROL' => 'max-age=0'
    'PATH' => '/usr/local/sbin:/usr/local/bin:/usr/sbin:/usr/bin:/sbin:/bin'
    'LD_LIBRARY_PATH' => '/opt/lampp/lib:/opt/lampp/lib'
    'SERVER_SIGNATURE' => ''
    'SERVER_SOFTWARE' => 'Apache/2.4.18 (Unix) OpenSSL/1.0.2e PHP/7.0.1 mod_perl/2.0.8-dev Perl/v5.16.3'
    'SERVER_NAME' => 'bdoleave.local'
    'SERVER_ADDR' => '127.0.1.1'
    'SERVER_PORT' => '80'
    'REMOTE_ADDR' => '127.0.0.1'
    'DOCUMENT_ROOT' => '/app/www/bdoleave/'
    'REQUEST_SCHEME' => 'http'
    'CONTEXT_PREFIX' => ''
    'CONTEXT_DOCUMENT_ROOT' => '/app/www/bdoleave/'
    'SERVER_ADMIN' => 'ims@local'
    'SCRIPT_FILENAME' => '/app/www/bdoleave/web/index.php'
    'REMOTE_PORT' => '50708'
    'GATEWAY_INTERFACE' => 'CGI/1.1'
    'SERVER_PROTOCOL' => 'HTTP/1.1'
    'REQUEST_METHOD' => 'GET'
    'QUERY_STRING' => 'r=site%2Flogin'
    'REQUEST_URI' => '/web/index.php?r=site%2Flogin'
    'SCRIPT_NAME' => '/web/index.php'
    'PHP_SELF' => '/web/index.php'
    'REQUEST_TIME_FLOAT' => 1455023326.684
    'REQUEST_TIME' => 1455023326
]
2016-02-09 20:09:59 [127.0.0.1][][-][error][Error] Error: Class 'yii\bootstrap\ActiveForm' not found in /app/www/bdoleave/views/site/login.php:120
Stack trace:
#0 /app/www/bdoleave/vendor/yiisoft/yii2/base/View.php(325): require()
#1 /app/www/bdoleave/vendor/yiisoft/yii2/base/View.php(247): yii\base\View->renderPhpFile('/app/www/bdolea...', Array)
#2 /app/www/bdoleave/vendor/yiisoft/yii2/base/View.php(149): yii\base\View->renderFile('/app/www/bdolea...', Array, Object(app\controllers\SiteController))
#3 /app/www/bdoleave/vendor/yiisoft/yii2/base/Controller.php(367): yii\base\View->render('login', Array, Object(app\controllers\SiteController))
#4 /app/www/bdoleave/controllers/SiteController.php(55): yii\base\Controller->render('login', Array)
#5 [internal function]: app\controllers\SiteController->actionLogin()
#6 /app/www/bdoleave/vendor/yiisoft/yii2/base/InlineAction.php(55): call_user_func_array(Array, Array)
#7 /app/www/bdoleave/vendor/yiisoft/yii2/base/Controller.php(151): yii\base\InlineAction->runWithParams(Array)
#8 /app/www/bdoleave/vendor/yiisoft/yii2/base/Module.php(455): yii\base\Controller->runAction('login', Array)
#9 /app/www/bdoleave/vendor/yiisoft/yii2/web/Application.php(83): yii\base\Module->runAction('site/login', Array)
#10 /app/www/bdoleave/vendor/yiisoft/yii2/base/Application.php(375): yii\web\Application->handleRequest(Object(yii\web\Request))
#11 /app/www/bdoleave/web/index.php(13): yii\base\Application->run()
#12 {main}
2016-02-09 20:09:59 [127.0.0.1][][-][info][application] $_GET = [
    'r' => 'site/login'
]

$_SESSION = [
    '__flash' => []
]

$_SERVER = [
    'UNIQUE_ID' => 'VrnlJ38AAQEAAAhks-cAAAAC'
    'HTTP_HOST' => 'bdoleave.local'
    'HTTP_USER_AGENT' => 'Mozilla/5.0 (X11; Ubuntu; Linux x86_64; rv:41.0) Gecko/20100101 Firefox/41.0'
    'HTTP_ACCEPT' => 'text/html,application/xhtml+xml,application/xml;q=0.9,*/*;q=0.8'
    'HTTP_ACCEPT_LANGUAGE' => 'en-US,en;q=0.5'
    'HTTP_ACCEPT_ENCODING' => 'gzip, deflate'
    'HTTP_CONNECTION' => 'keep-alive'
    'HTTP_CACHE_CONTROL' => 'max-age=0'
    'PATH' => '/usr/local/sbin:/usr/local/bin:/usr/sbin:/usr/bin:/sbin:/bin'
    'LD_LIBRARY_PATH' => '/opt/lampp/lib:/opt/lampp/lib'
    'SERVER_SIGNATURE' => ''
    'SERVER_SOFTWARE' => 'Apache/2.4.18 (Unix) OpenSSL/1.0.2e PHP/7.0.1 mod_perl/2.0.8-dev Perl/v5.16.3'
    'SERVER_NAME' => 'bdoleave.local'
    'SERVER_ADDR' => '127.0.1.1'
    'SERVER_PORT' => '80'
    'REMOTE_ADDR' => '127.0.0.1'
    'DOCUMENT_ROOT' => '/app/www/bdoleave/'
    'REQUEST_SCHEME' => 'http'
    'CONTEXT_PREFIX' => ''
    'CONTEXT_DOCUMENT_ROOT' => '/app/www/bdoleave/'
    'SERVER_ADMIN' => 'ims@local'
    'SCRIPT_FILENAME' => '/app/www/bdoleave/web/index.php'
    'REMOTE_PORT' => '50854'
    'GATEWAY_INTERFACE' => 'CGI/1.1'
    'SERVER_PROTOCOL' => 'HTTP/1.1'
    'REQUEST_METHOD' => 'GET'
    'QUERY_STRING' => 'r=site%2Flogin'
    'REQUEST_URI' => '/web/index.php?r=site%2Flogin'
    'SCRIPT_NAME' => '/web/index.php'
    'PHP_SELF' => '/web/index.php'
    'REQUEST_TIME_FLOAT' => 1455023399.059
    'REQUEST_TIME' => 1455023399
]
2016-02-09 20:10:03 [127.0.0.1][][-][error][Error] Error: Class 'yii\bootstrap\ActiveForm' not found in /app/www/bdoleave/views/site/login.php:120
Stack trace:
#0 /app/www/bdoleave/vendor/yiisoft/yii2/base/View.php(325): require()
#1 /app/www/bdoleave/vendor/yiisoft/yii2/base/View.php(247): yii\base\View->renderPhpFile('/app/www/bdolea...', Array)
#2 /app/www/bdoleave/vendor/yiisoft/yii2/base/View.php(149): yii\base\View->renderFile('/app/www/bdolea...', Array, Object(app\controllers\SiteController))
#3 /app/www/bdoleave/vendor/yiisoft/yii2/base/Controller.php(367): yii\base\View->render('login', Array, Object(app\controllers\SiteController))
#4 /app/www/bdoleave/controllers/SiteController.php(55): yii\base\Controller->render('login', Array)
#5 [internal function]: app\controllers\SiteController->actionLogin()
#6 /app/www/bdoleave/vendor/yiisoft/yii2/base/InlineAction.php(55): call_user_func_array(Array, Array)
#7 /app/www/bdoleave/vendor/yiisoft/yii2/base/Controller.php(151): yii\base\InlineAction->runWithParams(Array)
#8 /app/www/bdoleave/vendor/yiisoft/yii2/base/Module.php(455): yii\base\Controller->runAction('login', Array)
#9 /app/www/bdoleave/vendor/yiisoft/yii2/web/Application.php(83): yii\base\Module->runAction('site/login', Array)
#10 /app/www/bdoleave/vendor/yiisoft/yii2/base/Application.php(375): yii\web\Application->handleRequest(Object(yii\web\Request))
#11 /app/www/bdoleave/web/index.php(13): yii\base\Application->run()
#12 {main}
2016-02-09 20:10:03 [127.0.0.1][][-][info][application] $_GET = [
    'r' => 'site/login'
]

$_COOKIE = [
    'PHPSESSID' => 'oc8kpg7c9facfsq55rl7sudmb5'
]

$_SESSION = [
    '__flash' => []
]

$_SERVER = [
    'UNIQUE_ID' => 'VrnlK38AAQEAAAhi3fUAAAAA'
    'HTTP_HOST' => 'bdoleave.local'
    'HTTP_USER_AGENT' => 'Mozilla/5.0 (X11; Ubuntu; Linux x86_64; rv:41.0) Gecko/20100101 Firefox/41.0'
    'HTTP_ACCEPT' => 'text/html,application/xhtml+xml,application/xml;q=0.9,*/*;q=0.8'
    'HTTP_ACCEPT_LANGUAGE' => 'en-US,en;q=0.5'
    'HTTP_ACCEPT_ENCODING' => 'gzip, deflate'
    'HTTP_COOKIE' => 'PHPSESSID=oc8kpg7c9facfsq55rl7sudmb5'
    'HTTP_CONNECTION' => 'keep-alive'
    'HTTP_CACHE_CONTROL' => 'max-age=0'
    'PATH' => '/usr/local/sbin:/usr/local/bin:/usr/sbin:/usr/bin:/sbin:/bin'
    'LD_LIBRARY_PATH' => '/opt/lampp/lib:/opt/lampp/lib'
    'SERVER_SIGNATURE' => ''
    'SERVER_SOFTWARE' => 'Apache/2.4.18 (Unix) OpenSSL/1.0.2e PHP/7.0.1 mod_perl/2.0.8-dev Perl/v5.16.3'
    'SERVER_NAME' => 'bdoleave.local'
    'SERVER_ADDR' => '127.0.1.1'
    'SERVER_PORT' => '80'
    'REMOTE_ADDR' => '127.0.0.1'
    'DOCUMENT_ROOT' => '/app/www/bdoleave/'
    'REQUEST_SCHEME' => 'http'
    'CONTEXT_PREFIX' => ''
    'CONTEXT_DOCUMENT_ROOT' => '/app/www/bdoleave/'
    'SERVER_ADMIN' => 'ims@local'
    'SCRIPT_FILENAME' => '/app/www/bdoleave/web/index.php'
    'REMOTE_PORT' => '50864'
    'GATEWAY_INTERFACE' => 'CGI/1.1'
    'SERVER_PROTOCOL' => 'HTTP/1.1'
    'REQUEST_METHOD' => 'GET'
    'QUERY_STRING' => 'r=site%2Flogin'
    'REQUEST_URI' => '/web/index.php?r=site%2Flogin'
    'SCRIPT_NAME' => '/web/index.php'
    'PHP_SELF' => '/web/index.php'
    'REQUEST_TIME_FLOAT' => 1455023403.734
    'REQUEST_TIME' => 1455023403
]
2016-02-10 10:03:23 [127.0.0.1][][-][error][yii\db\Exception] exception 'PDOException' with message 'SQLSTATE[HY000] [1045] Access denied for user 'root'@'localhost' (using password: NO)' in D:\xampp\htdocs\bdoleave\vendor\yiisoft\yii2\db\Connection.php:579
Stack trace:
#0 D:\xampp\htdocs\bdoleave\vendor\yiisoft\yii2\db\Connection.php(579): PDO->__construct('mysql:host=loca...', 'root', '', NULL)
#1 D:\xampp\htdocs\bdoleave\vendor\yiisoft\yii2\db\Connection.php(529): yii\db\Connection->createPdoInstance()
#2 D:\xampp\htdocs\bdoleave\vendor\yiisoft\yii2\db\Connection.php(836): yii\db\Connection->open()
#3 D:\xampp\htdocs\bdoleave\vendor\yiisoft\yii2\db\Connection.php(823): yii\db\Connection->getMasterPdo()
#4 D:\xampp\htdocs\bdoleave\vendor\yiisoft\yii2\db\Command.php(208): yii\db\Connection->getSlavePdo()
#5 D:\xampp\htdocs\bdoleave\vendor\yiisoft\yii2\db\Command.php(813): yii\db\Command->prepare(true)
#6 D:\xampp\htdocs\bdoleave\vendor\yiisoft\yii2\db\Command.php(350): yii\db\Command->queryInternal('fetchAll', NULL)
#7 D:\xampp\htdocs\bdoleave\vendor\yiisoft\yii2\db\mysql\Schema.php(198): yii\db\Command->queryAll()
#8 D:\xampp\htdocs\bdoleave\vendor\yiisoft\yii2\db\mysql\Schema.php(97): yii\db\mysql\Schema->findColumns(Object(yii\db\TableSchema))
#9 D:\xampp\htdocs\bdoleave\vendor\yiisoft\yii2\db\Schema.php(139): yii\db\mysql\Schema->loadTableSchema('employee')
#10 D:\xampp\htdocs\bdoleave\vendor\yiisoft\yii2\db\ActiveRecord.php(286): yii\db\Schema->getTableSchema('employee')
#11 D:\xampp\htdocs\bdoleave\vendor\yiisoft\yii2\db\ActiveRecord.php(319): yii\db\ActiveRecord::getTableSchema()
#12 D:\xampp\htdocs\bdoleave\vendor\yiisoft\yii2\db\BaseActiveRecord.php(421): yii\db\ActiveRecord->attributes()
#13 D:\xampp\htdocs\bdoleave\vendor\yiisoft\yii2\db\BaseActiveRecord.php(263): yii\db\BaseActiveRecord->hasAttribute('scenario')
#14 D:\xampp\htdocs\bdoleave\vendor\yiisoft\yii2\BaseYii.php(518): yii\db\BaseActiveRecord->__set('scenario', 'login')
#15 D:\xampp\htdocs\bdoleave\vendor\yiisoft\yii2\base\Object.php(105): yii\BaseYii::configure(Object(app\models\Employee), Array)
#16 D:\xampp\htdocs\bdoleave\controllers\SiteController.php(47): yii\base\Object->__construct(Array)
#17 [internal function]: app\controllers\SiteController->actionLogin()
#18 D:\xampp\htdocs\bdoleave\vendor\yiisoft\yii2\base\InlineAction.php(55): call_user_func_array(Array, Array)
#19 D:\xampp\htdocs\bdoleave\vendor\yiisoft\yii2\base\Controller.php(151): yii\base\InlineAction->runWithParams(Array)
#20 D:\xampp\htdocs\bdoleave\vendor\yiisoft\yii2\base\Module.php(455): yii\base\Controller->runAction('login', Array)
#21 D:\xampp\htdocs\bdoleave\vendor\yiisoft\yii2\web\Application.php(83): yii\base\Module->runAction('site/login', Array)
#22 D:\xampp\htdocs\bdoleave\vendor\yiisoft\yii2\base\Application.php(375): yii\web\Application->handleRequest(Object(yii\web\Request))
#23 D:\xampp\htdocs\bdoleave\web\index.php(13): yii\base\Application->run()
#24 {main}

Next exception 'yii\db\Exception' with message 'SQLSTATE[HY000] [1045] Access denied for user 'root'@'localhost' (using password: NO)' in D:\xampp\htdocs\bdoleave\vendor\yiisoft\yii2\db\Connection.php:534
Stack trace:
#0 D:\xampp\htdocs\bdoleave\vendor\yiisoft\yii2\db\Connection.php(836): yii\db\Connection->open()
#1 D:\xampp\htdocs\bdoleave\vendor\yiisoft\yii2\db\Connection.php(823): yii\db\Connection->getMasterPdo()
#2 D:\xampp\htdocs\bdoleave\vendor\yiisoft\yii2\db\Command.php(208): yii\db\Connection->getSlavePdo()
#3 D:\xampp\htdocs\bdoleave\vendor\yiisoft\yii2\db\Command.php(813): yii\db\Command->prepare(true)
#4 D:\xampp\htdocs\bdoleave\vendor\yiisoft\yii2\db\Command.php(350): yii\db\Command->queryInternal('fetchAll', NULL)
#5 D:\xampp\htdocs\bdoleave\vendor\yiisoft\yii2\db\mysql\Schema.php(198): yii\db\Command->queryAll()
#6 D:\xampp\htdocs\bdoleave\vendor\yiisoft\yii2\db\mysql\Schema.php(97): yii\db\mysql\Schema->findColumns(Object(yii\db\TableSchema))
#7 D:\xampp\htdocs\bdoleave\vendor\yiisoft\yii2\db\Schema.php(139): yii\db\mysql\Schema->loadTableSchema('employee')
#8 D:\xampp\htdocs\bdoleave\vendor\yiisoft\yii2\db\ActiveRecord.php(286): yii\db\Schema->getTableSchema('employee')
#9 D:\xampp\htdocs\bdoleave\vendor\yiisoft\yii2\db\ActiveRecord.php(319): yii\db\ActiveRecord::getTableSchema()
#10 D:\xampp\htdocs\bdoleave\vendor\yiisoft\yii2\db\BaseActiveRecord.php(421): yii\db\ActiveRecord->attributes()
#11 D:\xampp\htdocs\bdoleave\vendor\yiisoft\yii2\db\BaseActiveRecord.php(263): yii\db\BaseActiveRecord->hasAttribute('scenario')
#12 D:\xampp\htdocs\bdoleave\vendor\yiisoft\yii2\BaseYii.php(518): yii\db\BaseActiveRecord->__set('scenario', 'login')
#13 D:\xampp\htdocs\bdoleave\vendor\yiisoft\yii2\base\Object.php(105): yii\BaseYii::configure(Object(app\models\Employee), Array)
#14 D:\xampp\htdocs\bdoleave\controllers\SiteController.php(47): yii\base\Object->__construct(Array)
#15 [internal function]: app\controllers\SiteController->actionLogin()
#16 D:\xampp\htdocs\bdoleave\vendor\yiisoft\yii2\base\InlineAction.php(55): call_user_func_array(Array, Array)
#17 D:\xampp\htdocs\bdoleave\vendor\yiisoft\yii2\base\Controller.php(151): yii\base\InlineAction->runWithParams(Array)
#18 D:\xampp\htdocs\bdoleave\vendor\yiisoft\yii2\base\Module.php(455): yii\base\Controller->runAction('login', Array)
#19 D:\xampp\htdocs\bdoleave\vendor\yiisoft\yii2\web\Application.php(83): yii\base\Module->runAction('site/login', Array)
#20 D:\xampp\htdocs\bdoleave\vendor\yiisoft\yii2\base\Application.php(375): yii\web\Application->handleRequest(Object(yii\web\Request))
#21 D:\xampp\htdocs\bdoleave\web\index.php(13): yii\base\Application->run()
#22 {main}
Additional Information:

2016-02-10 10:03:18 [127.0.0.1][][-][info][application] $_GET = [
    'r' => 'site/login'
]

$_SERVER = [
    'MIBDIRS' => 'D:/xampp/php/extras/mibs'
    'MYSQL_HOME' => '\\xampp\\mysql\\bin'
    'OPENSSL_CONF' => 'D:/xampp/apache/bin/openssl.cnf'
    'PHP_PEAR_SYSCONF_DIR' => '\\xampp\\php'
    'PHPRC' => '\\xampp\\php'
    'TMP' => '\\xampp\\tmp'
    'HTTP_HOST' => 'leave.local'
    'HTTP_USER_AGENT' => 'Mozilla/5.0 (Windows NT 6.1; rv:43.0) Gecko/20100101 Firefox/43.0'
    'HTTP_ACCEPT' => 'text/html,application/xhtml+xml,application/xml;q=0.9,*/*;q=0.8'
    'HTTP_ACCEPT_LANGUAGE' => 'id,en-US;q=0.7,en;q=0.3'
    'HTTP_ACCEPT_ENCODING' => 'gzip, deflate'
    'HTTP_CONNECTION' => 'keep-alive'
    'PATH' => 'C:\\Program Files\\ActiveState Komodo Edit 9\\;C:\\ProgramData\\Oracle\\Java\\javapath;C:\\Program Files\\Intel\\iCLS Client\\;C:\\Windows\\system32;C:\\Windows;C:\\Windows\\System32\\Wbem;C:\\Windows\\System32\\WindowsPowerShell\\v1.0\\;C:\\Program Files\\Intel\\OpenCL SDK\\2.0\\bin\\x86;C:\\Program Files\\Intel\\Intel(R) Management Engine Components\\DAL;C:\\Program Files\\Intel\\Intel(R) Management Engine Components\\IPT;C:\\Program Files\\Intel\\WiFi\\bin\\;C:\\Program Files\\Common Files\\Intel\\WirelessCommon\\;C:\\Program Files\\Lenovo\\Access Connections\\;C:\\Program Files\\Bitvise SSH Client;C:\\Program Data\\Universal Extractor;C:\\Program Data\\Universal Extractor\\bin;C:\\Program Files\\TortoiseSVN\\bin;C:\\Program Files\\Microsoft SQL Server\\80\\Tools\\BINN;C:\\Program Files\\Microsoft SQL Server\\100\\Tools\\Binn\\;C:\\Program Files\\Microsoft SQL Server\\100\\DTS\\Binn\\;C:\\Program Files\\Microsoft SQL Server\\100\\Tools\\Binn\\VSShell\\Common7\\IDE\\;C:\\Program Files\\nodejs\\;C:\\Program Files\\Git\\cmd;C:\\Program Files\\Git\\bin;D:\\xampp\\php;C:\\ProgramData\\ComposerSetup\\bin;C:\\Program Files\\GtkSharp\\2.12\\bin;C:\\Program Files\\OpenVPN\\bin;C:\\Program Files\\TortoiseGit\\bin;C:\\Program Files\\Java\\jdk1.8.0_40\\bin;C:\\Program Files\\WinAnt\\bin;C:\\Users\\BDO-IT\\AppData\\Roaming\\npm'
    'SystemRoot' => 'C:\\Windows'
    'COMSPEC' => 'C:\\Windows\\system32\\cmd.exe'
    'PATHEXT' => '.COM;.EXE;.BAT;.CMD;.VBS;.VBE;.JS;.JSE;.WSF;.WSH;.MSC'
    'WINDIR' => 'C:\\Windows'
    'SERVER_SIGNATURE' => '<address>Apache/2.4.10 (Win32) OpenSSL/1.0.1i PHP/5.5.15 Server at leave.local Port 80</address>
'
    'SERVER_SOFTWARE' => 'Apache/2.4.10 (Win32) OpenSSL/1.0.1i PHP/5.5.15'
    'SERVER_NAME' => 'leave.local'
    'SERVER_ADDR' => '127.0.0.1'
    'SERVER_PORT' => '80'
    'REMOTE_ADDR' => '127.0.0.1'
    'DOCUMENT_ROOT' => 'D:/xampp/htdocs/bdoleave'
    'REQUEST_SCHEME' => 'http'
    'CONTEXT_PREFIX' => ''
    'CONTEXT_DOCUMENT_ROOT' => 'D:/xampp/htdocs/bdoleave'
    'SERVER_ADMIN' => 'admin@local'
    'SCRIPT_FILENAME' => 'D:/xampp/htdocs/bdoleave/web/index.php'
    'REMOTE_PORT' => '2390'
    'GATEWAY_INTERFACE' => 'CGI/1.1'
    'SERVER_PROTOCOL' => 'HTTP/1.1'
    'REQUEST_METHOD' => 'GET'
    'QUERY_STRING' => 'r=site%2Flogin'
    'REQUEST_URI' => '/web/index.php?r=site%2Flogin'
    'SCRIPT_NAME' => '/web/index.php'
    'PHP_SELF' => '/web/index.php'
    'REQUEST_TIME_FLOAT' => 1455073398.01
    'REQUEST_TIME' => 1455073398
]
2016-02-10 10:06:41 [127.0.0.1][10768][ukvrc9fi4nk922ei9jo4lmtsq5][error][yii\base\ErrorException:1] exception 'yii\base\ErrorException' with message 'Call to undefined method app\models\Leaves::getDropDownSelfLeave()' in D:\xampp\htdocs\bdoleave\views\manage-leave\form-single-leave.php:153
Stack trace:
#0 [internal function]: yii\base\ErrorHandler->handleFatalError()
#1 {main}
2016-02-10 10:06:38 [127.0.0.1][10768][ukvrc9fi4nk922ei9jo4lmtsq5][info][application] $_GET = [
    'r' => 'manage-leave/form-leave'
]

$_COOKIE = [
    'PHPSESSID' => 'ukvrc9fi4nk922ei9jo4lmtsq5'
    '_csrf' => '231ef1e94fe76a8565cb6957af0e26d0b8475fe62f2f1ddc9a1ef15f7ed5e0a2s:32:\"_A6iPiGFDaWzimLAtkK5jWNZ0Oahdc7t\";'
]

$_SESSION = [
    '__flash' => []
    '__id' => 10768
]

$_SERVER = [
    'MIBDIRS' => 'D:/xampp/php/extras/mibs'
    'MYSQL_HOME' => '\\xampp\\mysql\\bin'
    'OPENSSL_CONF' => 'D:/xampp/apache/bin/openssl.cnf'
    'PHP_PEAR_SYSCONF_DIR' => '\\xampp\\php'
    'PHPRC' => '\\xampp\\php'
    'TMP' => '\\xampp\\tmp'
    'HTTP_HOST' => 'leave.local'
    'HTTP_USER_AGENT' => 'Mozilla/5.0 (Windows NT 6.1; rv:43.0) Gecko/20100101 Firefox/43.0'
    'HTTP_ACCEPT' => 'text/html,application/xhtml+xml,application/xml;q=0.9,*/*;q=0.8'
    'HTTP_ACCEPT_LANGUAGE' => 'id,en-US;q=0.7,en;q=0.3'
    'HTTP_ACCEPT_ENCODING' => 'gzip, deflate'
    'HTTP_REFERER' => 'http://leave.local/web/index.php?r=manage-leave'
    'HTTP_COOKIE' => 'PHPSESSID=ukvrc9fi4nk922ei9jo4lmtsq5; _csrf=231ef1e94fe76a8565cb6957af0e26d0b8475fe62f2f1ddc9a1ef15f7ed5e0a2s%3A32%3A%22_A6iPiGFDaWzimLAtkK5jWNZ0Oahdc7t%22%3B'
    'HTTP_CONNECTION' => 'keep-alive'
    'PATH' => 'C:\\Program Files\\ActiveState Komodo Edit 9\\;C:\\ProgramData\\Oracle\\Java\\javapath;C:\\Program Files\\Intel\\iCLS Client\\;C:\\Windows\\system32;C:\\Windows;C:\\Windows\\System32\\Wbem;C:\\Windows\\System32\\WindowsPowerShell\\v1.0\\;C:\\Program Files\\Intel\\OpenCL SDK\\2.0\\bin\\x86;C:\\Program Files\\Intel\\Intel(R) Management Engine Components\\DAL;C:\\Program Files\\Intel\\Intel(R) Management Engine Components\\IPT;C:\\Program Files\\Intel\\WiFi\\bin\\;C:\\Program Files\\Common Files\\Intel\\WirelessCommon\\;C:\\Program Files\\Lenovo\\Access Connections\\;C:\\Program Files\\Bitvise SSH Client;C:\\Program Data\\Universal Extractor;C:\\Program Data\\Universal Extractor\\bin;C:\\Program Files\\TortoiseSVN\\bin;C:\\Program Files\\Microsoft SQL Server\\80\\Tools\\BINN;C:\\Program Files\\Microsoft SQL Server\\100\\Tools\\Binn\\;C:\\Program Files\\Microsoft SQL Server\\100\\DTS\\Binn\\;C:\\Program Files\\Microsoft SQL Server\\100\\Tools\\Binn\\VSShell\\Common7\\IDE\\;C:\\Program Files\\nodejs\\;C:\\Program Files\\Git\\cmd;C:\\Program Files\\Git\\bin;D:\\xampp\\php;C:\\ProgramData\\ComposerSetup\\bin;C:\\Program Files\\GtkSharp\\2.12\\bin;C:\\Program Files\\OpenVPN\\bin;C:\\Program Files\\TortoiseGit\\bin;C:\\Program Files\\Java\\jdk1.8.0_40\\bin;C:\\Program Files\\WinAnt\\bin;C:\\Users\\BDO-IT\\AppData\\Roaming\\npm'
    'SystemRoot' => 'C:\\Windows'
    'COMSPEC' => 'C:\\Windows\\system32\\cmd.exe'
    'PATHEXT' => '.COM;.EXE;.BAT;.CMD;.VBS;.VBE;.JS;.JSE;.WSF;.WSH;.MSC'
    'WINDIR' => 'C:\\Windows'
    'SERVER_SIGNATURE' => '<address>Apache/2.4.10 (Win32) OpenSSL/1.0.1i PHP/5.5.15 Server at leave.local Port 80</address>
'
    'SERVER_SOFTWARE' => 'Apache/2.4.10 (Win32) OpenSSL/1.0.1i PHP/5.5.15'
    'SERVER_NAME' => 'leave.local'
    'SERVER_ADDR' => '127.0.0.1'
    'SERVER_PORT' => '80'
    'REMOTE_ADDR' => '127.0.0.1'
    'DOCUMENT_ROOT' => 'D:/xampp/htdocs/bdoleave'
    'REQUEST_SCHEME' => 'http'
    'CONTEXT_PREFIX' => ''
    'CONTEXT_DOCUMENT_ROOT' => 'D:/xampp/htdocs/bdoleave'
    'SERVER_ADMIN' => 'admin@local'
    'SCRIPT_FILENAME' => 'D:/xampp/htdocs/bdoleave/web/index.php'
    'REMOTE_PORT' => '2419'
    'GATEWAY_INTERFACE' => 'CGI/1.1'
    'SERVER_PROTOCOL' => 'HTTP/1.1'
    'REQUEST_METHOD' => 'GET'
    'QUERY_STRING' => 'r=manage-leave%2Fform-leave'
    'REQUEST_URI' => '/web/index.php?r=manage-leave%2Fform-leave'
    'SCRIPT_NAME' => '/web/index.php'
    'PHP_SELF' => '/web/index.php'
    'REQUEST_TIME_FLOAT' => 1455073598.895
    'REQUEST_TIME' => 1455073598
]
2016-02-10 10:06:53 [127.0.0.1][10768][ukvrc9fi4nk922ei9jo4lmtsq5][error][yii\base\ErrorException:1] exception 'yii\base\ErrorException' with message 'Call to undefined method app\models\Leaves::getDropDownSelfLeave()' in D:\xampp\htdocs\bdoleave\views\manage-leave\form-single-leave.php:153
Stack trace:
#0 [internal function]: yii\base\ErrorHandler->handleFatalError()
#1 {main}
2016-02-10 10:06:52 [127.0.0.1][10768][ukvrc9fi4nk922ei9jo4lmtsq5][info][application] $_GET = [
    'r' => 'manage-leave/form-leave'
]

$_COOKIE = [
    'PHPSESSID' => 'ukvrc9fi4nk922ei9jo4lmtsq5'
    '_csrf' => '231ef1e94fe76a8565cb6957af0e26d0b8475fe62f2f1ddc9a1ef15f7ed5e0a2s:32:\"_A6iPiGFDaWzimLAtkK5jWNZ0Oahdc7t\";'
]

$_SESSION = [
    '__flash' => []
    '__id' => 10768
]

$_SERVER = [
    'MIBDIRS' => 'D:/xampp/php/extras/mibs'
    'MYSQL_HOME' => '\\xampp\\mysql\\bin'
    'OPENSSL_CONF' => 'D:/xampp/apache/bin/openssl.cnf'
    'PHP_PEAR_SYSCONF_DIR' => '\\xampp\\php'
    'PHPRC' => '\\xampp\\php'
    'TMP' => '\\xampp\\tmp'
    'HTTP_HOST' => 'leave.local'
    'HTTP_USER_AGENT' => 'Mozilla/5.0 (Windows NT 6.1; rv:43.0) Gecko/20100101 Firefox/43.0'
    'HTTP_ACCEPT' => 'text/html,application/xhtml+xml,application/xml;q=0.9,*/*;q=0.8'
    'HTTP_ACCEPT_LANGUAGE' => 'id,en-US;q=0.7,en;q=0.3'
    'HTTP_ACCEPT_ENCODING' => 'gzip, deflate'
    'HTTP_REFERER' => 'http://leave.local/web/index.php?r=manage-leave'
    'HTTP_COOKIE' => 'PHPSESSID=ukvrc9fi4nk922ei9jo4lmtsq5; _csrf=231ef1e94fe76a8565cb6957af0e26d0b8475fe62f2f1ddc9a1ef15f7ed5e0a2s%3A32%3A%22_A6iPiGFDaWzimLAtkK5jWNZ0Oahdc7t%22%3B'
    'HTTP_CONNECTION' => 'keep-alive'
    'HTTP_CACHE_CONTROL' => 'max-age=0'
    'PATH' => 'C:\\Program Files\\ActiveState Komodo Edit 9\\;C:\\ProgramData\\Oracle\\Java\\javapath;C:\\Program Files\\Intel\\iCLS Client\\;C:\\Windows\\system32;C:\\Windows;C:\\Windows\\System32\\Wbem;C:\\Windows\\System32\\WindowsPowerShell\\v1.0\\;C:\\Program Files\\Intel\\OpenCL SDK\\2.0\\bin\\x86;C:\\Program Files\\Intel\\Intel(R) Management Engine Components\\DAL;C:\\Program Files\\Intel\\Intel(R) Management Engine Components\\IPT;C:\\Program Files\\Intel\\WiFi\\bin\\;C:\\Program Files\\Common Files\\Intel\\WirelessCommon\\;C:\\Program Files\\Lenovo\\Access Connections\\;C:\\Program Files\\Bitvise SSH Client;C:\\Program Data\\Universal Extractor;C:\\Program Data\\Universal Extractor\\bin;C:\\Program Files\\TortoiseSVN\\bin;C:\\Program Files\\Microsoft SQL Server\\80\\Tools\\BINN;C:\\Program Files\\Microsoft SQL Server\\100\\Tools\\Binn\\;C:\\Program Files\\Microsoft SQL Server\\100\\DTS\\Binn\\;C:\\Program Files\\Microsoft SQL Server\\100\\Tools\\Binn\\VSShell\\Common7\\IDE\\;C:\\Program Files\\nodejs\\;C:\\Program Files\\Git\\cmd;C:\\Program Files\\Git\\bin;D:\\xampp\\php;C:\\ProgramData\\ComposerSetup\\bin;C:\\Program Files\\GtkSharp\\2.12\\bin;C:\\Program Files\\OpenVPN\\bin;C:\\Program Files\\TortoiseGit\\bin;C:\\Program Files\\Java\\jdk1.8.0_40\\bin;C:\\Program Files\\WinAnt\\bin;C:\\Users\\BDO-IT\\AppData\\Roaming\\npm'
    'SystemRoot' => 'C:\\Windows'
    'COMSPEC' => 'C:\\Windows\\system32\\cmd.exe'
    'PATHEXT' => '.COM;.EXE;.BAT;.CMD;.VBS;.VBE;.JS;.JSE;.WSF;.WSH;.MSC'
    'WINDIR' => 'C:\\Windows'
    'SERVER_SIGNATURE' => '<address>Apache/2.4.10 (Win32) OpenSSL/1.0.1i PHP/5.5.15 Server at leave.local Port 80</address>
'
    'SERVER_SOFTWARE' => 'Apache/2.4.10 (Win32) OpenSSL/1.0.1i PHP/5.5.15'
    'SERVER_NAME' => 'leave.local'
    'SERVER_ADDR' => '127.0.0.1'
    'SERVER_PORT' => '80'
    'REMOTE_ADDR' => '127.0.0.1'
    'DOCUMENT_ROOT' => 'D:/xampp/htdocs/bdoleave'
    'REQUEST_SCHEME' => 'http'
    'CONTEXT_PREFIX' => ''
    'CONTEXT_DOCUMENT_ROOT' => 'D:/xampp/htdocs/bdoleave'
    'SERVER_ADMIN' => 'admin@local'
    'SCRIPT_FILENAME' => 'D:/xampp/htdocs/bdoleave/web/index.php'
    'REMOTE_PORT' => '2435'
    'GATEWAY_INTERFACE' => 'CGI/1.1'
    'SERVER_PROTOCOL' => 'HTTP/1.1'
    'REQUEST_METHOD' => 'GET'
    'QUERY_STRING' => 'r=manage-leave%2Fform-leave'
    'REQUEST_URI' => '/web/index.php?r=manage-leave%2Fform-leave'
    'SCRIPT_NAME' => '/web/index.php'
    'PHP_SELF' => '/web/index.php'
    'REQUEST_TIME_FLOAT' => 1455073612.715
    'REQUEST_TIME' => 1455073612
]
2016-02-10 10:12:20 [127.0.0.1][10768][ukvrc9fi4nk922ei9jo4lmtsq5][error][yii\base\ErrorException:1] exception 'yii\base\ErrorException' with message 'Access to undeclared static property: app\models\Leaves::$beginning_balance' in D:\xampp\htdocs\bdoleave\models\Leaves.php:156
Stack trace:
#0 [internal function]: yii\base\ErrorHandler->handleFatalError()
#1 {main}
2016-02-10 10:12:20 [127.0.0.1][10768][ukvrc9fi4nk922ei9jo4lmtsq5][info][application] $_GET = [
    'r' => 'manage-leave/form-leave'
]

$_COOKIE = [
    'PHPSESSID' => 'ukvrc9fi4nk922ei9jo4lmtsq5'
    '_csrf' => '231ef1e94fe76a8565cb6957af0e26d0b8475fe62f2f1ddc9a1ef15f7ed5e0a2s:32:\"_A6iPiGFDaWzimLAtkK5jWNZ0Oahdc7t\";'
]

$_SESSION = [
    '__flash' => []
    '__id' => 10768
]

$_SERVER = [
    'MIBDIRS' => 'D:/xampp/php/extras/mibs'
    'MYSQL_HOME' => '\\xampp\\mysql\\bin'
    'OPENSSL_CONF' => 'D:/xampp/apache/bin/openssl.cnf'
    'PHP_PEAR_SYSCONF_DIR' => '\\xampp\\php'
    'PHPRC' => '\\xampp\\php'
    'TMP' => '\\xampp\\tmp'
    'HTTP_HOST' => 'leave.local'
    'HTTP_USER_AGENT' => 'Mozilla/5.0 (Windows NT 6.1; rv:43.0) Gecko/20100101 Firefox/43.0'
    'HTTP_ACCEPT' => 'text/html,application/xhtml+xml,application/xml;q=0.9,*/*;q=0.8'
    'HTTP_ACCEPT_LANGUAGE' => 'id,en-US;q=0.7,en;q=0.3'
    'HTTP_ACCEPT_ENCODING' => 'gzip, deflate'
    'HTTP_REFERER' => 'http://leave.local/web/index.php?r=manage-leave'
    'HTTP_COOKIE' => 'PHPSESSID=ukvrc9fi4nk922ei9jo4lmtsq5; _csrf=231ef1e94fe76a8565cb6957af0e26d0b8475fe62f2f1ddc9a1ef15f7ed5e0a2s%3A32%3A%22_A6iPiGFDaWzimLAtkK5jWNZ0Oahdc7t%22%3B'
    'HTTP_CONNECTION' => 'keep-alive'
    'HTTP_CACHE_CONTROL' => 'max-age=0'
    'PATH' => 'C:\\Program Files\\ActiveState Komodo Edit 9\\;C:\\ProgramData\\Oracle\\Java\\javapath;C:\\Program Files\\Intel\\iCLS Client\\;C:\\Windows\\system32;C:\\Windows;C:\\Windows\\System32\\Wbem;C:\\Windows\\System32\\WindowsPowerShell\\v1.0\\;C:\\Program Files\\Intel\\OpenCL SDK\\2.0\\bin\\x86;C:\\Program Files\\Intel\\Intel(R) Management Engine Components\\DAL;C:\\Program Files\\Intel\\Intel(R) Management Engine Components\\IPT;C:\\Program Files\\Intel\\WiFi\\bin\\;C:\\Program Files\\Common Files\\Intel\\WirelessCommon\\;C:\\Program Files\\Lenovo\\Access Connections\\;C:\\Program Files\\Bitvise SSH Client;C:\\Program Data\\Universal Extractor;C:\\Program Data\\Universal Extractor\\bin;C:\\Program Files\\TortoiseSVN\\bin;C:\\Program Files\\Microsoft SQL Server\\80\\Tools\\BINN;C:\\Program Files\\Microsoft SQL Server\\100\\Tools\\Binn\\;C:\\Program Files\\Microsoft SQL Server\\100\\DTS\\Binn\\;C:\\Program Files\\Microsoft SQL Server\\100\\Tools\\Binn\\VSShell\\Common7\\IDE\\;C:\\Program Files\\nodejs\\;C:\\Program Files\\Git\\cmd;C:\\Program Files\\Git\\bin;D:\\xampp\\php;C:\\ProgramData\\ComposerSetup\\bin;C:\\Program Files\\GtkSharp\\2.12\\bin;C:\\Program Files\\OpenVPN\\bin;C:\\Program Files\\TortoiseGit\\bin;C:\\Program Files\\Java\\jdk1.8.0_40\\bin;C:\\Program Files\\WinAnt\\bin;C:\\Users\\BDO-IT\\AppData\\Roaming\\npm'
    'SystemRoot' => 'C:\\Windows'
    'COMSPEC' => 'C:\\Windows\\system32\\cmd.exe'
    'PATHEXT' => '.COM;.EXE;.BAT;.CMD;.VBS;.VBE;.JS;.JSE;.WSF;.WSH;.MSC'
    'WINDIR' => 'C:\\Windows'
    'SERVER_SIGNATURE' => '<address>Apache/2.4.10 (Win32) OpenSSL/1.0.1i PHP/5.5.15 Server at leave.local Port 80</address>
'
    'SERVER_SOFTWARE' => 'Apache/2.4.10 (Win32) OpenSSL/1.0.1i PHP/5.5.15'
    'SERVER_NAME' => 'leave.local'
    'SERVER_ADDR' => '127.0.0.1'
    'SERVER_PORT' => '80'
    'REMOTE_ADDR' => '127.0.0.1'
    'DOCUMENT_ROOT' => 'D:/xampp/htdocs/bdoleave'
    'REQUEST_SCHEME' => 'http'
    'CONTEXT_PREFIX' => ''
    'CONTEXT_DOCUMENT_ROOT' => 'D:/xampp/htdocs/bdoleave'
    'SERVER_ADMIN' => 'admin@local'
    'SCRIPT_FILENAME' => 'D:/xampp/htdocs/bdoleave/web/index.php'
    'REMOTE_PORT' => '2500'
    'GATEWAY_INTERFACE' => 'CGI/1.1'
    'SERVER_PROTOCOL' => 'HTTP/1.1'
    'REQUEST_METHOD' => 'GET'
    'QUERY_STRING' => 'r=manage-leave%2Fform-leave'
    'REQUEST_URI' => '/web/index.php?r=manage-leave%2Fform-leave'
    'SCRIPT_NAME' => '/web/index.php'
    'PHP_SELF' => '/web/index.php'
    'REQUEST_TIME_FLOAT' => 1455073940.515
    'REQUEST_TIME' => 1455073940
]
2016-02-10 10:28:53 [127.0.0.1][-][-][error][yii\web\HttpException:404] exception 'yii\base\InvalidRouteException' with message 'Unable to resolve the request: manage-leave/form-balance' in D:\xampp\htdocs\bdoleave\vendor\yiisoft\yii2\base\Controller.php:122
Stack trace:
#0 D:\xampp\htdocs\bdoleave\vendor\yiisoft\yii2\base\Module.php(455): yii\base\Controller->runAction('form-balance', Array)
#1 D:\xampp\htdocs\bdoleave\vendor\yiisoft\yii2\web\Application.php(83): yii\base\Module->runAction('manage-leave/fo...', Array)
#2 D:\xampp\htdocs\bdoleave\vendor\yiisoft\yii2\base\Application.php(375): yii\web\Application->handleRequest(Object(yii\web\Request))
#3 D:\xampp\htdocs\bdoleave\web\index.php(13): yii\base\Application->run()
#4 {main}

Next exception 'yii\web\NotFoundHttpException' with message 'Unable to resolve the request: manage-leave/form-balance' in D:\xampp\htdocs\bdoleave\vendor\yiisoft\yii2\web\Application.php:95
Stack trace:
#0 D:\xampp\htdocs\bdoleave\vendor\yiisoft\yii2\base\Application.php(375): yii\web\Application->handleRequest(Object(yii\web\Request))
#1 D:\xampp\htdocs\bdoleave\web\index.php(13): yii\base\Application->run()
#2 {main}
2016-02-10 10:28:53 [127.0.0.1][-][-][info][application] $_GET = [
    'r' => 'manage-leave/form-balance'
]

$_COOKIE = [
    'PHPSESSID' => 'ukvrc9fi4nk922ei9jo4lmtsq5'
    '_csrf' => '231ef1e94fe76a8565cb6957af0e26d0b8475fe62f2f1ddc9a1ef15f7ed5e0a2s:32:\"_A6iPiGFDaWzimLAtkK5jWNZ0Oahdc7t\";'
]

$_SERVER = [
    'MIBDIRS' => 'D:/xampp/php/extras/mibs'
    'MYSQL_HOME' => '\\xampp\\mysql\\bin'
    'OPENSSL_CONF' => 'D:/xampp/apache/bin/openssl.cnf'
    'PHP_PEAR_SYSCONF_DIR' => '\\xampp\\php'
    'PHPRC' => '\\xampp\\php'
    'TMP' => '\\xampp\\tmp'
    'HTTP_HOST' => 'leave.local'
    'HTTP_USER_AGENT' => 'Mozilla/5.0 (Windows NT 6.1; rv:43.0) Gecko/20100101 Firefox/43.0'
    'HTTP_ACCEPT' => 'text/html,application/xhtml+xml,application/xml;q=0.9,*/*;q=0.8'
    'HTTP_ACCEPT_LANGUAGE' => 'id,en-US;q=0.7,en;q=0.3'
    'HTTP_ACCEPT_ENCODING' => 'gzip, deflate'
    'HTTP_REFERER' => 'http://leave.local/web/index.php?r=manage-leave%2Fform-leave'
    'HTTP_COOKIE' => 'PHPSESSID=ukvrc9fi4nk922ei9jo4lmtsq5; _csrf=231ef1e94fe76a8565cb6957af0e26d0b8475fe62f2f1ddc9a1ef15f7ed5e0a2s%3A32%3A%22_A6iPiGFDaWzimLAtkK5jWNZ0Oahdc7t%22%3B'
    'HTTP_CONNECTION' => 'keep-alive'
    'PATH' => 'C:\\Program Files\\ActiveState Komodo Edit 9\\;C:\\ProgramData\\Oracle\\Java\\javapath;C:\\Program Files\\Intel\\iCLS Client\\;C:\\Windows\\system32;C:\\Windows;C:\\Windows\\System32\\Wbem;C:\\Windows\\System32\\WindowsPowerShell\\v1.0\\;C:\\Program Files\\Intel\\OpenCL SDK\\2.0\\bin\\x86;C:\\Program Files\\Intel\\Intel(R) Management Engine Components\\DAL;C:\\Program Files\\Intel\\Intel(R) Management Engine Components\\IPT;C:\\Program Files\\Intel\\WiFi\\bin\\;C:\\Program Files\\Common Files\\Intel\\WirelessCommon\\;C:\\Program Files\\Lenovo\\Access Connections\\;C:\\Program Files\\Bitvise SSH Client;C:\\Program Data\\Universal Extractor;C:\\Program Data\\Universal Extractor\\bin;C:\\Program Files\\TortoiseSVN\\bin;C:\\Program Files\\Microsoft SQL Server\\80\\Tools\\BINN;C:\\Program Files\\Microsoft SQL Server\\100\\Tools\\Binn\\;C:\\Program Files\\Microsoft SQL Server\\100\\DTS\\Binn\\;C:\\Program Files\\Microsoft SQL Server\\100\\Tools\\Binn\\VSShell\\Common7\\IDE\\;C:\\Program Files\\nodejs\\;C:\\Program Files\\Git\\cmd;C:\\Program Files\\Git\\bin;D:\\xampp\\php;C:\\ProgramData\\ComposerSetup\\bin;C:\\Program Files\\GtkSharp\\2.12\\bin;C:\\Program Files\\OpenVPN\\bin;C:\\Program Files\\TortoiseGit\\bin;C:\\Program Files\\Java\\jdk1.8.0_40\\bin;C:\\Program Files\\WinAnt\\bin;C:\\Users\\BDO-IT\\AppData\\Roaming\\npm'
    'SystemRoot' => 'C:\\Windows'
    'COMSPEC' => 'C:\\Windows\\system32\\cmd.exe'
    'PATHEXT' => '.COM;.EXE;.BAT;.CMD;.VBS;.VBE;.JS;.JSE;.WSF;.WSH;.MSC'
    'WINDIR' => 'C:\\Windows'
    'SERVER_SIGNATURE' => '<address>Apache/2.4.10 (Win32) OpenSSL/1.0.1i PHP/5.5.15 Server at leave.local Port 80</address>
'
    'SERVER_SOFTWARE' => 'Apache/2.4.10 (Win32) OpenSSL/1.0.1i PHP/5.5.15'
    'SERVER_NAME' => 'leave.local'
    'SERVER_ADDR' => '127.0.0.1'
    'SERVER_PORT' => '80'
    'REMOTE_ADDR' => '127.0.0.1'
    'DOCUMENT_ROOT' => 'D:/xampp/htdocs/bdoleave'
    'REQUEST_SCHEME' => 'http'
    'CONTEXT_PREFIX' => ''
    'CONTEXT_DOCUMENT_ROOT' => 'D:/xampp/htdocs/bdoleave'
    'SERVER_ADMIN' => 'admin@local'
    'SCRIPT_FILENAME' => 'D:/xampp/htdocs/bdoleave/web/index.php'
    'REMOTE_PORT' => '2708'
    'GATEWAY_INTERFACE' => 'CGI/1.1'
    'SERVER_PROTOCOL' => 'HTTP/1.1'
    'REQUEST_METHOD' => 'GET'
    'QUERY_STRING' => 'r=manage-leave%2Fform-balance'
    'REQUEST_URI' => '/web/index.php?r=manage-leave%2Fform-balance'
    'SCRIPT_NAME' => '/web/index.php'
    'PHP_SELF' => '/web/index.php'
    'REQUEST_TIME_FLOAT' => 1455074933.565
    'REQUEST_TIME' => 1455074933
]
2016-02-10 10:30:35 [127.0.0.1][-][-][error][yii\web\HttpException:404] exception 'yii\base\InvalidRouteException' with message 'Unable to resolve the request: manage-leave/form-balance' in D:\xampp\htdocs\bdoleave\vendor\yiisoft\yii2\base\Controller.php:122
Stack trace:
#0 D:\xampp\htdocs\bdoleave\vendor\yiisoft\yii2\base\Module.php(455): yii\base\Controller->runAction('form-balance', Array)
#1 D:\xampp\htdocs\bdoleave\vendor\yiisoft\yii2\web\Application.php(83): yii\base\Module->runAction('manage-leave/fo...', Array)
#2 D:\xampp\htdocs\bdoleave\vendor\yiisoft\yii2\base\Application.php(375): yii\web\Application->handleRequest(Object(yii\web\Request))
#3 D:\xampp\htdocs\bdoleave\web\index.php(13): yii\base\Application->run()
#4 {main}

Next exception 'yii\web\NotFoundHttpException' with message 'Unable to resolve the request: manage-leave/form-balance' in D:\xampp\htdocs\bdoleave\vendor\yiisoft\yii2\web\Application.php:95
Stack trace:
#0 D:\xampp\htdocs\bdoleave\vendor\yiisoft\yii2\base\Application.php(375): yii\web\Application->handleRequest(Object(yii\web\Request))
#1 D:\xampp\htdocs\bdoleave\web\index.php(13): yii\base\Application->run()
#2 {main}
2016-02-10 10:30:35 [127.0.0.1][-][-][info][application] $_GET = [
    'r' => 'manage-leave/form-balance'
]

$_COOKIE = [
    'PHPSESSID' => 'ukvrc9fi4nk922ei9jo4lmtsq5'
    '_csrf' => '231ef1e94fe76a8565cb6957af0e26d0b8475fe62f2f1ddc9a1ef15f7ed5e0a2s:32:\"_A6iPiGFDaWzimLAtkK5jWNZ0Oahdc7t\";'
]

$_SERVER = [
    'MIBDIRS' => 'D:/xampp/php/extras/mibs'
    'MYSQL_HOME' => '\\xampp\\mysql\\bin'
    'OPENSSL_CONF' => 'D:/xampp/apache/bin/openssl.cnf'
    'PHP_PEAR_SYSCONF_DIR' => '\\xampp\\php'
    'PHPRC' => '\\xampp\\php'
    'TMP' => '\\xampp\\tmp'
    'HTTP_HOST' => 'leave.local'
    'HTTP_USER_AGENT' => 'Mozilla/5.0 (Windows NT 6.1; rv:43.0) Gecko/20100101 Firefox/43.0'
    'HTTP_ACCEPT' => 'text/html,application/xhtml+xml,application/xml;q=0.9,*/*;q=0.8'
    'HTTP_ACCEPT_LANGUAGE' => 'id,en-US;q=0.7,en;q=0.3'
    'HTTP_ACCEPT_ENCODING' => 'gzip, deflate'
    'HTTP_COOKIE' => 'PHPSESSID=ukvrc9fi4nk922ei9jo4lmtsq5; _csrf=231ef1e94fe76a8565cb6957af0e26d0b8475fe62f2f1ddc9a1ef15f7ed5e0a2s%3A32%3A%22_A6iPiGFDaWzimLAtkK5jWNZ0Oahdc7t%22%3B'
    'HTTP_CONNECTION' => 'keep-alive'
    'PATH' => 'C:\\Program Files\\ActiveState Komodo Edit 9\\;C:\\ProgramData\\Oracle\\Java\\javapath;C:\\Program Files\\Intel\\iCLS Client\\;C:\\Windows\\system32;C:\\Windows;C:\\Windows\\System32\\Wbem;C:\\Windows\\System32\\WindowsPowerShell\\v1.0\\;C:\\Program Files\\Intel\\OpenCL SDK\\2.0\\bin\\x86;C:\\Program Files\\Intel\\Intel(R) Management Engine Components\\DAL;C:\\Program Files\\Intel\\Intel(R) Management Engine Components\\IPT;C:\\Program Files\\Intel\\WiFi\\bin\\;C:\\Program Files\\Common Files\\Intel\\WirelessCommon\\;C:\\Program Files\\Lenovo\\Access Connections\\;C:\\Program Files\\Bitvise SSH Client;C:\\Program Data\\Universal Extractor;C:\\Program Data\\Universal Extractor\\bin;C:\\Program Files\\TortoiseSVN\\bin;C:\\Program Files\\Microsoft SQL Server\\80\\Tools\\BINN;C:\\Program Files\\Microsoft SQL Server\\100\\Tools\\Binn\\;C:\\Program Files\\Microsoft SQL Server\\100\\DTS\\Binn\\;C:\\Program Files\\Microsoft SQL Server\\100\\Tools\\Binn\\VSShell\\Common7\\IDE\\;C:\\Program Files\\nodejs\\;C:\\Program Files\\Git\\cmd;C:\\Program Files\\Git\\bin;D:\\xampp\\php;C:\\ProgramData\\ComposerSetup\\bin;C:\\Program Files\\GtkSharp\\2.12\\bin;C:\\Program Files\\OpenVPN\\bin;C:\\Program Files\\TortoiseGit\\bin;C:\\Program Files\\Java\\jdk1.8.0_40\\bin;C:\\Program Files\\WinAnt\\bin;C:\\Users\\BDO-IT\\AppData\\Roaming\\npm'
    'SystemRoot' => 'C:\\Windows'
    'COMSPEC' => 'C:\\Windows\\system32\\cmd.exe'
    'PATHEXT' => '.COM;.EXE;.BAT;.CMD;.VBS;.VBE;.JS;.JSE;.WSF;.WSH;.MSC'
    'WINDIR' => 'C:\\Windows'
    'SERVER_SIGNATURE' => '<address>Apache/2.4.10 (Win32) OpenSSL/1.0.1i PHP/5.5.15 Server at leave.local Port 80</address>
'
    'SERVER_SOFTWARE' => 'Apache/2.4.10 (Win32) OpenSSL/1.0.1i PHP/5.5.15'
    'SERVER_NAME' => 'leave.local'
    'SERVER_ADDR' => '127.0.0.1'
    'SERVER_PORT' => '80'
    'REMOTE_ADDR' => '127.0.0.1'
    'DOCUMENT_ROOT' => 'D:/xampp/htdocs/bdoleave'
    'REQUEST_SCHEME' => 'http'
    'CONTEXT_PREFIX' => ''
    'CONTEXT_DOCUMENT_ROOT' => 'D:/xampp/htdocs/bdoleave'
    'SERVER_ADMIN' => 'admin@local'
    'SCRIPT_FILENAME' => 'D:/xampp/htdocs/bdoleave/web/index.php'
    'REMOTE_PORT' => '2755'
    'GATEWAY_INTERFACE' => 'CGI/1.1'
    'SERVER_PROTOCOL' => 'HTTP/1.1'
    'REQUEST_METHOD' => 'GET'
    'QUERY_STRING' => 'r=manage-leave%2Fform-balance'
    'REQUEST_URI' => '/web/index.php?r=manage-leave%2Fform-balance'
    'SCRIPT_NAME' => '/web/index.php'
    'PHP_SELF' => '/web/index.php'
    'REQUEST_TIME_FLOAT' => 1455075035.216
    'REQUEST_TIME' => 1455075035
]
2016-02-10 10:55:47 [127.0.0.1][10768][-][error][yii\base\UnknownPropertyException] exception 'yii\base\UnknownPropertyException' with message 'Getting unknown property: app\models\LeaveBalance::leave_status' in D:\xampp\htdocs\bdoleave\vendor\yiisoft\yii2\base\Component.php:143
Stack trace:
#0 D:\xampp\htdocs\bdoleave\vendor\yiisoft\yii2\db\BaseActiveRecord.php(246): yii\base\Component->__get('leave_status')
#1 D:\xampp\htdocs\bdoleave\vendor\yiisoft\yii2\helpers\BaseHtml.php(1838): yii\db\BaseActiveRecord->__get('leave_status')
#2 D:\xampp\htdocs\bdoleave\vendor\yiisoft\yii2\helpers\BaseHtml.php(1520): yii\helpers\BaseHtml::getAttributeValue(Object(app\models\LeaveBalance), 'leave_status')
#3 D:\xampp\htdocs\bdoleave\vendor\yiisoft\yii2\helpers\BaseHtml.php(1378): yii\helpers\BaseHtml::activeListInput('dropDownList', Object(app\models\LeaveBalance), 'leave_status', Array, Array)
#4 D:\xampp\htdocs\bdoleave\vendor\yiisoft\yii2\widgets\ActiveField.php(534): yii\helpers\BaseHtml::activeDropDownList(Object(app\models\LeaveBalance), 'leave_status', Array, Array)
#5 D:\xampp\htdocs\bdoleave\views\manage-leave\form-single-leave.php(159): yii\widgets\ActiveField->dropDownList(Array, Array)
#6 D:\xampp\htdocs\bdoleave\vendor\yiisoft\yii2\base\View.php(325): require('D:\\xampp\\htdocs...')
#7 D:\xampp\htdocs\bdoleave\vendor\yiisoft\yii2\base\View.php(247): yii\base\View->renderPhpFile('D:\\xampp\\htdocs...', Array)
#8 D:\xampp\htdocs\bdoleave\vendor\yiisoft\yii2\base\View.php(149): yii\base\View->renderFile('D:\\xampp\\htdocs...', Array, Object(app\controllers\ManageLeaveController))
#9 D:\xampp\htdocs\bdoleave\vendor\yiisoft\yii2\base\Controller.php(367): yii\base\View->render('form-single-lea...', Array, Object(app\controllers\ManageLeaveController))
#10 D:\xampp\htdocs\bdoleave\controllers\ManageLeaveController.php(146): yii\base\Controller->render('form-single-lea...', Array)
#11 [internal function]: app\controllers\ManageLeaveController->actionFormBalance()
#12 D:\xampp\htdocs\bdoleave\vendor\yiisoft\yii2\base\InlineAction.php(55): call_user_func_array(Array, Array)
#13 D:\xampp\htdocs\bdoleave\vendor\yiisoft\yii2\base\Controller.php(151): yii\base\InlineAction->runWithParams(Array)
#14 D:\xampp\htdocs\bdoleave\vendor\yiisoft\yii2\base\Module.php(455): yii\base\Controller->runAction('form-balance', Array)
#15 D:\xampp\htdocs\bdoleave\vendor\yiisoft\yii2\web\Application.php(83): yii\base\Module->runAction('manage-leave/fo...', Array)
#16 D:\xampp\htdocs\bdoleave\vendor\yiisoft\yii2\base\Application.php(375): yii\web\Application->handleRequest(Object(yii\web\Request))
#17 D:\xampp\htdocs\bdoleave\web\index.php(13): yii\base\Application->run()
#18 {main}
2016-02-10 10:55:46 [127.0.0.1][10768][-][info][application] $_GET = [
    'r' => 'manage-leave/form-balance'
]

$_COOKIE = [
    'PHPSESSID' => 'ukvrc9fi4nk922ei9jo4lmtsq5'
    '_csrf' => '231ef1e94fe76a8565cb6957af0e26d0b8475fe62f2f1ddc9a1ef15f7ed5e0a2s:32:\"_A6iPiGFDaWzimLAtkK5jWNZ0Oahdc7t\";'
]

$_SESSION = [
    '__flash' => []
    '__id' => 10768
]

$_SERVER = [
    'MIBDIRS' => 'D:/xampp/php/extras/mibs'
    'MYSQL_HOME' => '\\xampp\\mysql\\bin'
    'OPENSSL_CONF' => 'D:/xampp/apache/bin/openssl.cnf'
    'PHP_PEAR_SYSCONF_DIR' => '\\xampp\\php'
    'PHPRC' => '\\xampp\\php'
    'TMP' => '\\xampp\\tmp'
    'HTTP_HOST' => 'leave.local'
    'HTTP_USER_AGENT' => 'Mozilla/5.0 (Windows NT 6.1; rv:43.0) Gecko/20100101 Firefox/43.0'
    'HTTP_ACCEPT' => 'text/html,application/xhtml+xml,application/xml;q=0.9,*/*;q=0.8'
    'HTTP_ACCEPT_LANGUAGE' => 'id,en-US;q=0.7,en;q=0.3'
    'HTTP_ACCEPT_ENCODING' => 'gzip, deflate'
    'HTTP_COOKIE' => 'PHPSESSID=ukvrc9fi4nk922ei9jo4lmtsq5; _csrf=231ef1e94fe76a8565cb6957af0e26d0b8475fe62f2f1ddc9a1ef15f7ed5e0a2s%3A32%3A%22_A6iPiGFDaWzimLAtkK5jWNZ0Oahdc7t%22%3B'
    'HTTP_CONNECTION' => 'keep-alive'
    'HTTP_CACHE_CONTROL' => 'max-age=0'
    'PATH' => 'C:\\Program Files\\ActiveState Komodo Edit 9\\;C:\\ProgramData\\Oracle\\Java\\javapath;C:\\Program Files\\Intel\\iCLS Client\\;C:\\Windows\\system32;C:\\Windows;C:\\Windows\\System32\\Wbem;C:\\Windows\\System32\\WindowsPowerShell\\v1.0\\;C:\\Program Files\\Intel\\OpenCL SDK\\2.0\\bin\\x86;C:\\Program Files\\Intel\\Intel(R) Management Engine Components\\DAL;C:\\Program Files\\Intel\\Intel(R) Management Engine Components\\IPT;C:\\Program Files\\Intel\\WiFi\\bin\\;C:\\Program Files\\Common Files\\Intel\\WirelessCommon\\;C:\\Program Files\\Lenovo\\Access Connections\\;C:\\Program Files\\Bitvise SSH Client;C:\\Program Data\\Universal Extractor;C:\\Program Data\\Universal Extractor\\bin;C:\\Program Files\\TortoiseSVN\\bin;C:\\Program Files\\Microsoft SQL Server\\80\\Tools\\BINN;C:\\Program Files\\Microsoft SQL Server\\100\\Tools\\Binn\\;C:\\Program Files\\Microsoft SQL Server\\100\\DTS\\Binn\\;C:\\Program Files\\Microsoft SQL Server\\100\\Tools\\Binn\\VSShell\\Common7\\IDE\\;C:\\Program Files\\nodejs\\;C:\\Program Files\\Git\\cmd;C:\\Program Files\\Git\\bin;D:\\xampp\\php;C:\\ProgramData\\ComposerSetup\\bin;C:\\Program Files\\GtkSharp\\2.12\\bin;C:\\Program Files\\OpenVPN\\bin;C:\\Program Files\\TortoiseGit\\bin;C:\\Program Files\\Java\\jdk1.8.0_40\\bin;C:\\Program Files\\WinAnt\\bin;C:\\Users\\BDO-IT\\AppData\\Roaming\\npm'
    'SystemRoot' => 'C:\\Windows'
    'COMSPEC' => 'C:\\Windows\\system32\\cmd.exe'
    'PATHEXT' => '.COM;.EXE;.BAT;.CMD;.VBS;.VBE;.JS;.JSE;.WSF;.WSH;.MSC'
    'WINDIR' => 'C:\\Windows'
    'SERVER_SIGNATURE' => '<address>Apache/2.4.10 (Win32) OpenSSL/1.0.1i PHP/5.5.15 Server at leave.local Port 80</address>
'
    'SERVER_SOFTWARE' => 'Apache/2.4.10 (Win32) OpenSSL/1.0.1i PHP/5.5.15'
    'SERVER_NAME' => 'leave.local'
    'SERVER_ADDR' => '127.0.0.1'
    'SERVER_PORT' => '80'
    'REMOTE_ADDR' => '127.0.0.1'
    'DOCUMENT_ROOT' => 'D:/xampp/htdocs/bdoleave'
    'REQUEST_SCHEME' => 'http'
    'CONTEXT_PREFIX' => ''
    'CONTEXT_DOCUMENT_ROOT' => 'D:/xampp/htdocs/bdoleave'
    'SERVER_ADMIN' => 'admin@local'
    'SCRIPT_FILENAME' => 'D:/xampp/htdocs/bdoleave/web/index.php'
    'REMOTE_PORT' => '2978'
    'GATEWAY_INTERFACE' => 'CGI/1.1'
    'SERVER_PROTOCOL' => 'HTTP/1.1'
    'REQUEST_METHOD' => 'GET'
    'QUERY_STRING' => 'r=manage-leave%2Fform-balance'
    'REQUEST_URI' => '/web/index.php?r=manage-leave%2Fform-balance'
    'SCRIPT_NAME' => '/web/index.php'
    'PHP_SELF' => '/web/index.php'
    'REQUEST_TIME_FLOAT' => 1455076546.783
    'REQUEST_TIME' => 1455076546
]
2016-02-10 10:58:03 [127.0.0.1][10768][-][error][yii\base\InvalidParamException] exception 'yii\base\InvalidParamException' with message 'Unknown scenario: add_leave' in D:\xampp\htdocs\bdoleave\vendor\yiisoft\yii2\base\Model.php:325
Stack trace:
#0 D:\xampp\htdocs\bdoleave\models\LeaveBalance.php(51): yii\base\Model->validate()
#1 D:\xampp\htdocs\bdoleave\controllers\ManageLeaveController.php(137): app\models\LeaveBalance->getSaveBalanceRequest()
#2 [internal function]: app\controllers\ManageLeaveController->actionFormBalance()
#3 D:\xampp\htdocs\bdoleave\vendor\yiisoft\yii2\base\InlineAction.php(55): call_user_func_array(Array, Array)
#4 D:\xampp\htdocs\bdoleave\vendor\yiisoft\yii2\base\Controller.php(151): yii\base\InlineAction->runWithParams(Array)
#5 D:\xampp\htdocs\bdoleave\vendor\yiisoft\yii2\base\Module.php(455): yii\base\Controller->runAction('form-balance', Array)
#6 D:\xampp\htdocs\bdoleave\vendor\yiisoft\yii2\web\Application.php(83): yii\base\Module->runAction('manage-leave/fo...', Array)
#7 D:\xampp\htdocs\bdoleave\vendor\yiisoft\yii2\base\Application.php(375): yii\web\Application->handleRequest(Object(yii\web\Request))
#8 D:\xampp\htdocs\bdoleave\web\index.php(13): yii\base\Application->run()
#9 {main}
2016-02-10 10:58:03 [127.0.0.1][10768][-][info][application] $_GET = [
    'r' => 'manage-leave/form-balance'
]

$_POST = [
    '_csrf' => 'aHlkRVFTTnc3OFIsAToJMSwYMz84PgI2HBIvcDsEAC1YNgUtNTB5Aw=='
    'LeaveBalance' => [
        'employee_id' => '10601'
        'leave_balance_description' => ''
        'leave_balance_date' => '17/02/2016'
        'leave_balance_total' => ''
    ]
    'save-button' => ''
]

$_COOKIE = [
    'PHPSESSID' => 'ukvrc9fi4nk922ei9jo4lmtsq5'
    '_csrf' => '231ef1e94fe76a8565cb6957af0e26d0b8475fe62f2f1ddc9a1ef15f7ed5e0a2s:32:\"_A6iPiGFDaWzimLAtkK5jWNZ0Oahdc7t\";'
]

$_SESSION = [
    '__flash' => []
    '__id' => 10768
]

$_SERVER = [
    'MIBDIRS' => 'D:/xampp/php/extras/mibs'
    'MYSQL_HOME' => '\\xampp\\mysql\\bin'
    'OPENSSL_CONF' => 'D:/xampp/apache/bin/openssl.cnf'
    'PHP_PEAR_SYSCONF_DIR' => '\\xampp\\php'
    'PHPRC' => '\\xampp\\php'
    'TMP' => '\\xampp\\tmp'
    'HTTP_HOST' => 'leave.local'
    'HTTP_USER_AGENT' => 'Mozilla/5.0 (Windows NT 6.1; rv:43.0) Gecko/20100101 Firefox/43.0'
    'HTTP_ACCEPT' => 'text/html,application/xhtml+xml,application/xml;q=0.9,*/*;q=0.8'
    'HTTP_ACCEPT_LANGUAGE' => 'id,en-US;q=0.7,en;q=0.3'
    'HTTP_ACCEPT_ENCODING' => 'gzip, deflate'
    'HTTP_REFERER' => 'http://leave.local/web/index.php?r=manage-leave%2Fform-balance'
    'HTTP_COOKIE' => 'PHPSESSID=ukvrc9fi4nk922ei9jo4lmtsq5; _csrf=231ef1e94fe76a8565cb6957af0e26d0b8475fe62f2f1ddc9a1ef15f7ed5e0a2s%3A32%3A%22_A6iPiGFDaWzimLAtkK5jWNZ0Oahdc7t%22%3B'
    'HTTP_CONNECTION' => 'keep-alive'
    'CONTENT_TYPE' => 'application/x-www-form-urlencoded'
    'CONTENT_LENGTH' => '251'
    'PATH' => 'C:\\Program Files\\ActiveState Komodo Edit 9\\;C:\\ProgramData\\Oracle\\Java\\javapath;C:\\Program Files\\Intel\\iCLS Client\\;C:\\Windows\\system32;C:\\Windows;C:\\Windows\\System32\\Wbem;C:\\Windows\\System32\\WindowsPowerShell\\v1.0\\;C:\\Program Files\\Intel\\OpenCL SDK\\2.0\\bin\\x86;C:\\Program Files\\Intel\\Intel(R) Management Engine Components\\DAL;C:\\Program Files\\Intel\\Intel(R) Management Engine Components\\IPT;C:\\Program Files\\Intel\\WiFi\\bin\\;C:\\Program Files\\Common Files\\Intel\\WirelessCommon\\;C:\\Program Files\\Lenovo\\Access Connections\\;C:\\Program Files\\Bitvise SSH Client;C:\\Program Data\\Universal Extractor;C:\\Program Data\\Universal Extractor\\bin;C:\\Program Files\\TortoiseSVN\\bin;C:\\Program Files\\Microsoft SQL Server\\80\\Tools\\BINN;C:\\Program Files\\Microsoft SQL Server\\100\\Tools\\Binn\\;C:\\Program Files\\Microsoft SQL Server\\100\\DTS\\Binn\\;C:\\Program Files\\Microsoft SQL Server\\100\\Tools\\Binn\\VSShell\\Common7\\IDE\\;C:\\Program Files\\nodejs\\;C:\\Program Files\\Git\\cmd;C:\\Program Files\\Git\\bin;D:\\xampp\\php;C:\\ProgramData\\ComposerSetup\\bin;C:\\Program Files\\GtkSharp\\2.12\\bin;C:\\Program Files\\OpenVPN\\bin;C:\\Program Files\\TortoiseGit\\bin;C:\\Program Files\\Java\\jdk1.8.0_40\\bin;C:\\Program Files\\WinAnt\\bin;C:\\Users\\BDO-IT\\AppData\\Roaming\\npm'
    'SystemRoot' => 'C:\\Windows'
    'COMSPEC' => 'C:\\Windows\\system32\\cmd.exe'
    'PATHEXT' => '.COM;.EXE;.BAT;.CMD;.VBS;.VBE;.JS;.JSE;.WSF;.WSH;.MSC'
    'WINDIR' => 'C:\\Windows'
    'SERVER_SIGNATURE' => '<address>Apache/2.4.10 (Win32) OpenSSL/1.0.1i PHP/5.5.15 Server at leave.local Port 80</address>
'
    'SERVER_SOFTWARE' => 'Apache/2.4.10 (Win32) OpenSSL/1.0.1i PHP/5.5.15'
    'SERVER_NAME' => 'leave.local'
    'SERVER_ADDR' => '127.0.0.1'
    'SERVER_PORT' => '80'
    'REMOTE_ADDR' => '127.0.0.1'
    'DOCUMENT_ROOT' => 'D:/xampp/htdocs/bdoleave'
    'REQUEST_SCHEME' => 'http'
    'CONTEXT_PREFIX' => ''
    'CONTEXT_DOCUMENT_ROOT' => 'D:/xampp/htdocs/bdoleave'
    'SERVER_ADMIN' => 'admin@local'
    'SCRIPT_FILENAME' => 'D:/xampp/htdocs/bdoleave/web/index.php'
    'REMOTE_PORT' => '3021'
    'GATEWAY_INTERFACE' => 'CGI/1.1'
    'SERVER_PROTOCOL' => 'HTTP/1.1'
    'REQUEST_METHOD' => 'POST'
    'QUERY_STRING' => 'r=manage-leave%2Fform-balance'
    'REQUEST_URI' => '/web/index.php?r=manage-leave%2Fform-balance'
    'SCRIPT_NAME' => '/web/index.php'
    'PHP_SELF' => '/web/index.php'
    'REQUEST_TIME_FLOAT' => 1455076683.496
    'REQUEST_TIME' => 1455076683
]
2016-02-10 10:58:33 [127.0.0.1][10768][-][error][yii\base\UnknownPropertyException] exception 'yii\base\UnknownPropertyException' with message 'Getting unknown property: app\models\LeaveBalance::leave_balance_saldo' in D:\xampp\htdocs\bdoleave\vendor\yiisoft\yii2\base\Component.php:143
Stack trace:
#0 D:\xampp\htdocs\bdoleave\vendor\yiisoft\yii2\db\BaseActiveRecord.php(246): yii\base\Component->__get('leave_balance_s...')
#1 D:\xampp\htdocs\bdoleave\models\LeaveBalance.php(56): yii\db\BaseActiveRecord->__get('leave_balance_s...')
#2 D:\xampp\htdocs\bdoleave\controllers\ManageLeaveController.php(137): app\models\LeaveBalance->getSaveBalanceRequest()
#3 [internal function]: app\controllers\ManageLeaveController->actionFormBalance()
#4 D:\xampp\htdocs\bdoleave\vendor\yiisoft\yii2\base\InlineAction.php(55): call_user_func_array(Array, Array)
#5 D:\xampp\htdocs\bdoleave\vendor\yiisoft\yii2\base\Controller.php(151): yii\base\InlineAction->runWithParams(Array)
#6 D:\xampp\htdocs\bdoleave\vendor\yiisoft\yii2\base\Module.php(455): yii\base\Controller->runAction('form-balance', Array)
#7 D:\xampp\htdocs\bdoleave\vendor\yiisoft\yii2\web\Application.php(83): yii\base\Module->runAction('manage-leave/fo...', Array)
#8 D:\xampp\htdocs\bdoleave\vendor\yiisoft\yii2\base\Application.php(375): yii\web\Application->handleRequest(Object(yii\web\Request))
#9 D:\xampp\htdocs\bdoleave\web\index.php(13): yii\base\Application->run()
#10 {main}
2016-02-10 10:58:33 [127.0.0.1][10768][-][info][application] $_GET = [
    'r' => 'manage-leave/form-balance'
]

$_POST = [
    '_csrf' => 'dFkyTGsxNDUrGAQlO1hzczA4ZTYCXHh0ADJ5eQFmem9EFlMkD1IDQQ=='
    'LeaveBalance' => [
        'employee_id' => '10601'
        'leave_balance_description' => 'Testing'
        'leave_balance_date' => '17/02/2016'
        'leave_balance_total' => '10'
    ]
    'save-button' => ''
]

$_COOKIE = [
    'PHPSESSID' => 'ukvrc9fi4nk922ei9jo4lmtsq5'
    '_csrf' => '231ef1e94fe76a8565cb6957af0e26d0b8475fe62f2f1ddc9a1ef15f7ed5e0a2s:32:\"_A6iPiGFDaWzimLAtkK5jWNZ0Oahdc7t\";'
]

$_SESSION = [
    '__flash' => []
    '__id' => 10768
]

$_SERVER = [
    'MIBDIRS' => 'D:/xampp/php/extras/mibs'
    'MYSQL_HOME' => '\\xampp\\mysql\\bin'
    'OPENSSL_CONF' => 'D:/xampp/apache/bin/openssl.cnf'
    'PHP_PEAR_SYSCONF_DIR' => '\\xampp\\php'
    'PHPRC' => '\\xampp\\php'
    'TMP' => '\\xampp\\tmp'
    'HTTP_HOST' => 'leave.local'
    'HTTP_USER_AGENT' => 'Mozilla/5.0 (Windows NT 6.1; rv:43.0) Gecko/20100101 Firefox/43.0'
    'HTTP_ACCEPT' => 'text/html,application/xhtml+xml,application/xml;q=0.9,*/*;q=0.8'
    'HTTP_ACCEPT_LANGUAGE' => 'id,en-US;q=0.7,en;q=0.3'
    'HTTP_ACCEPT_ENCODING' => 'gzip, deflate'
    'HTTP_REFERER' => 'http://leave.local/web/index.php?r=manage-leave%2Fform-balance'
    'HTTP_COOKIE' => 'PHPSESSID=ukvrc9fi4nk922ei9jo4lmtsq5; _csrf=231ef1e94fe76a8565cb6957af0e26d0b8475fe62f2f1ddc9a1ef15f7ed5e0a2s%3A32%3A%22_A6iPiGFDaWzimLAtkK5jWNZ0Oahdc7t%22%3B'
    'HTTP_CONNECTION' => 'keep-alive'
    'CONTENT_TYPE' => 'application/x-www-form-urlencoded'
    'CONTENT_LENGTH' => '260'
    'PATH' => 'C:\\Program Files\\ActiveState Komodo Edit 9\\;C:\\ProgramData\\Oracle\\Java\\javapath;C:\\Program Files\\Intel\\iCLS Client\\;C:\\Windows\\system32;C:\\Windows;C:\\Windows\\System32\\Wbem;C:\\Windows\\System32\\WindowsPowerShell\\v1.0\\;C:\\Program Files\\Intel\\OpenCL SDK\\2.0\\bin\\x86;C:\\Program Files\\Intel\\Intel(R) Management Engine Components\\DAL;C:\\Program Files\\Intel\\Intel(R) Management Engine Components\\IPT;C:\\Program Files\\Intel\\WiFi\\bin\\;C:\\Program Files\\Common Files\\Intel\\WirelessCommon\\;C:\\Program Files\\Lenovo\\Access Connections\\;C:\\Program Files\\Bitvise SSH Client;C:\\Program Data\\Universal Extractor;C:\\Program Data\\Universal Extractor\\bin;C:\\Program Files\\TortoiseSVN\\bin;C:\\Program Files\\Microsoft SQL Server\\80\\Tools\\BINN;C:\\Program Files\\Microsoft SQL Server\\100\\Tools\\Binn\\;C:\\Program Files\\Microsoft SQL Server\\100\\DTS\\Binn\\;C:\\Program Files\\Microsoft SQL Server\\100\\Tools\\Binn\\VSShell\\Common7\\IDE\\;C:\\Program Files\\nodejs\\;C:\\Program Files\\Git\\cmd;C:\\Program Files\\Git\\bin;D:\\xampp\\php;C:\\ProgramData\\ComposerSetup\\bin;C:\\Program Files\\GtkSharp\\2.12\\bin;C:\\Program Files\\OpenVPN\\bin;C:\\Program Files\\TortoiseGit\\bin;C:\\Program Files\\Java\\jdk1.8.0_40\\bin;C:\\Program Files\\WinAnt\\bin;C:\\Users\\BDO-IT\\AppData\\Roaming\\npm'
    'SystemRoot' => 'C:\\Windows'
    'COMSPEC' => 'C:\\Windows\\system32\\cmd.exe'
    'PATHEXT' => '.COM;.EXE;.BAT;.CMD;.VBS;.VBE;.JS;.JSE;.WSF;.WSH;.MSC'
    'WINDIR' => 'C:\\Windows'
    'SERVER_SIGNATURE' => '<address>Apache/2.4.10 (Win32) OpenSSL/1.0.1i PHP/5.5.15 Server at leave.local Port 80</address>
'
    'SERVER_SOFTWARE' => 'Apache/2.4.10 (Win32) OpenSSL/1.0.1i PHP/5.5.15'
    'SERVER_NAME' => 'leave.local'
    'SERVER_ADDR' => '127.0.0.1'
    'SERVER_PORT' => '80'
    'REMOTE_ADDR' => '127.0.0.1'
    'DOCUMENT_ROOT' => 'D:/xampp/htdocs/bdoleave'
    'REQUEST_SCHEME' => 'http'
    'CONTEXT_PREFIX' => ''
    'CONTEXT_DOCUMENT_ROOT' => 'D:/xampp/htdocs/bdoleave'
    'SERVER_ADMIN' => 'admin@local'
    'SCRIPT_FILENAME' => 'D:/xampp/htdocs/bdoleave/web/index.php'
    'REMOTE_PORT' => '3034'
    'GATEWAY_INTERFACE' => 'CGI/1.1'
    'SERVER_PROTOCOL' => 'HTTP/1.1'
    'REQUEST_METHOD' => 'POST'
    'QUERY_STRING' => 'r=manage-leave%2Fform-balance'
    'REQUEST_URI' => '/web/index.php?r=manage-leave%2Fform-balance'
    'SCRIPT_NAME' => '/web/index.php'
    'PHP_SELF' => '/web/index.php'
    'REQUEST_TIME_FLOAT' => 1455076713.05
    'REQUEST_TIME' => 1455076713
]
2016-02-10 10:59:12 [127.0.0.1][10768][ukvrc9fi4nk922ei9jo4lmtsq5][error][yii\base\ErrorException:1] exception 'yii\base\ErrorException' with message 'Class 'app\controllers\Leaves' not found' in D:\xampp\htdocs\bdoleave\controllers\ReportController.php:85
Stack trace:
#0 [internal function]: yii\base\ErrorHandler->handleFatalError()
#1 {main}
2016-02-10 10:59:12 [127.0.0.1][10768][ukvrc9fi4nk922ei9jo4lmtsq5][info][application] $_GET = [
    'r' => 'report/balanced-card'
]

$_COOKIE = [
    'PHPSESSID' => 'ukvrc9fi4nk922ei9jo4lmtsq5'
    '_csrf' => '231ef1e94fe76a8565cb6957af0e26d0b8475fe62f2f1ddc9a1ef15f7ed5e0a2s:32:\"_A6iPiGFDaWzimLAtkK5jWNZ0Oahdc7t\";'
]

$_SERVER = [
    'MIBDIRS' => 'D:/xampp/php/extras/mibs'
    'MYSQL_HOME' => '\\xampp\\mysql\\bin'
    'OPENSSL_CONF' => 'D:/xampp/apache/bin/openssl.cnf'
    'PHP_PEAR_SYSCONF_DIR' => '\\xampp\\php'
    'PHPRC' => '\\xampp\\php'
    'TMP' => '\\xampp\\tmp'
    'HTTP_HOST' => 'leave.local'
    'HTTP_USER_AGENT' => 'Mozilla/5.0 (Windows NT 6.1; rv:43.0) Gecko/20100101 Firefox/43.0'
    'HTTP_ACCEPT' => 'text/html,application/xhtml+xml,application/xml;q=0.9,*/*;q=0.8'
    'HTTP_ACCEPT_LANGUAGE' => 'id,en-US;q=0.7,en;q=0.3'
    'HTTP_ACCEPT_ENCODING' => 'gzip, deflate'
    'HTTP_REFERER' => 'http://leave.local/web/index.php?r=report'
    'HTTP_COOKIE' => 'PHPSESSID=ukvrc9fi4nk922ei9jo4lmtsq5; _csrf=231ef1e94fe76a8565cb6957af0e26d0b8475fe62f2f1ddc9a1ef15f7ed5e0a2s%3A32%3A%22_A6iPiGFDaWzimLAtkK5jWNZ0Oahdc7t%22%3B'
    'HTTP_CONNECTION' => 'keep-alive'
    'PATH' => 'C:\\Program Files\\ActiveState Komodo Edit 9\\;C:\\ProgramData\\Oracle\\Java\\javapath;C:\\Program Files\\Intel\\iCLS Client\\;C:\\Windows\\system32;C:\\Windows;C:\\Windows\\System32\\Wbem;C:\\Windows\\System32\\WindowsPowerShell\\v1.0\\;C:\\Program Files\\Intel\\OpenCL SDK\\2.0\\bin\\x86;C:\\Program Files\\Intel\\Intel(R) Management Engine Components\\DAL;C:\\Program Files\\Intel\\Intel(R) Management Engine Components\\IPT;C:\\Program Files\\Intel\\WiFi\\bin\\;C:\\Program Files\\Common Files\\Intel\\WirelessCommon\\;C:\\Program Files\\Lenovo\\Access Connections\\;C:\\Program Files\\Bitvise SSH Client;C:\\Program Data\\Universal Extractor;C:\\Program Data\\Universal Extractor\\bin;C:\\Program Files\\TortoiseSVN\\bin;C:\\Program Files\\Microsoft SQL Server\\80\\Tools\\BINN;C:\\Program Files\\Microsoft SQL Server\\100\\Tools\\Binn\\;C:\\Program Files\\Microsoft SQL Server\\100\\DTS\\Binn\\;C:\\Program Files\\Microsoft SQL Server\\100\\Tools\\Binn\\VSShell\\Common7\\IDE\\;C:\\Program Files\\nodejs\\;C:\\Program Files\\Git\\cmd;C:\\Program Files\\Git\\bin;D:\\xampp\\php;C:\\ProgramData\\ComposerSetup\\bin;C:\\Program Files\\GtkSharp\\2.12\\bin;C:\\Program Files\\OpenVPN\\bin;C:\\Program Files\\TortoiseGit\\bin;C:\\Program Files\\Java\\jdk1.8.0_40\\bin;C:\\Program Files\\WinAnt\\bin;C:\\Users\\BDO-IT\\AppData\\Roaming\\npm'
    'SystemRoot' => 'C:\\Windows'
    'COMSPEC' => 'C:\\Windows\\system32\\cmd.exe'
    'PATHEXT' => '.COM;.EXE;.BAT;.CMD;.VBS;.VBE;.JS;.JSE;.WSF;.WSH;.MSC'
    'WINDIR' => 'C:\\Windows'
    'SERVER_SIGNATURE' => '<address>Apache/2.4.10 (Win32) OpenSSL/1.0.1i PHP/5.5.15 Server at leave.local Port 80</address>
'
    'SERVER_SOFTWARE' => 'Apache/2.4.10 (Win32) OpenSSL/1.0.1i PHP/5.5.15'
    'SERVER_NAME' => 'leave.local'
    'SERVER_ADDR' => '127.0.0.1'
    'SERVER_PORT' => '80'
    'REMOTE_ADDR' => '127.0.0.1'
    'DOCUMENT_ROOT' => 'D:/xampp/htdocs/bdoleave'
    'REQUEST_SCHEME' => 'http'
    'CONTEXT_PREFIX' => ''
    'CONTEXT_DOCUMENT_ROOT' => 'D:/xampp/htdocs/bdoleave'
    'SERVER_ADMIN' => 'admin@local'
    'SCRIPT_FILENAME' => 'D:/xampp/htdocs/bdoleave/web/index.php'
    'REMOTE_PORT' => '3047'
    'GATEWAY_INTERFACE' => 'CGI/1.1'
    'SERVER_PROTOCOL' => 'HTTP/1.1'
    'REQUEST_METHOD' => 'GET'
    'QUERY_STRING' => 'r=report%2Fbalanced-card'
    'REQUEST_URI' => '/web/index.php?r=report%2Fbalanced-card'
    'SCRIPT_NAME' => '/web/index.php'
    'PHP_SELF' => '/web/index.php'
    'REQUEST_TIME_FLOAT' => 1455076752.406
    'REQUEST_TIME' => 1455076752
]
2016-02-10 10:59:34 [127.0.0.1][10768][ukvrc9fi4nk922ei9jo4lmtsq5][error][yii\base\ErrorException:1] exception 'yii\base\ErrorException' with message 'Class 'kartik\select2\Select2' not found' in D:\xampp\htdocs\bdoleave\views\report\balanced-card.php:46
Stack trace:
#0 [internal function]: yii\base\ErrorHandler->handleFatalError()
#1 {main}
2016-02-10 10:59:34 [127.0.0.1][10768][ukvrc9fi4nk922ei9jo4lmtsq5][info][application] $_GET = [
    'r' => 'report/balanced-card'
]

$_COOKIE = [
    'PHPSESSID' => 'ukvrc9fi4nk922ei9jo4lmtsq5'
    '_csrf' => '231ef1e94fe76a8565cb6957af0e26d0b8475fe62f2f1ddc9a1ef15f7ed5e0a2s:32:\"_A6iPiGFDaWzimLAtkK5jWNZ0Oahdc7t\";'
]

$_SERVER = [
    'MIBDIRS' => 'D:/xampp/php/extras/mibs'
    'MYSQL_HOME' => '\\xampp\\mysql\\bin'
    'OPENSSL_CONF' => 'D:/xampp/apache/bin/openssl.cnf'
    'PHP_PEAR_SYSCONF_DIR' => '\\xampp\\php'
    'PHPRC' => '\\xampp\\php'
    'TMP' => '\\xampp\\tmp'
    'HTTP_HOST' => 'leave.local'
    'HTTP_USER_AGENT' => 'Mozilla/5.0 (Windows NT 6.1; rv:43.0) Gecko/20100101 Firefox/43.0'
    'HTTP_ACCEPT' => 'text/html,application/xhtml+xml,application/xml;q=0.9,*/*;q=0.8'
    'HTTP_ACCEPT_LANGUAGE' => 'id,en-US;q=0.7,en;q=0.3'
    'HTTP_ACCEPT_ENCODING' => 'gzip, deflate'
    'HTTP_REFERER' => 'http://leave.local/web/index.php?r=report'
    'HTTP_COOKIE' => 'PHPSESSID=ukvrc9fi4nk922ei9jo4lmtsq5; _csrf=231ef1e94fe76a8565cb6957af0e26d0b8475fe62f2f1ddc9a1ef15f7ed5e0a2s%3A32%3A%22_A6iPiGFDaWzimLAtkK5jWNZ0Oahdc7t%22%3B'
    'HTTP_CONNECTION' => 'keep-alive'
    'HTTP_CACHE_CONTROL' => 'max-age=0'
    'PATH' => 'C:\\Program Files\\ActiveState Komodo Edit 9\\;C:\\ProgramData\\Oracle\\Java\\javapath;C:\\Program Files\\Intel\\iCLS Client\\;C:\\Windows\\system32;C:\\Windows;C:\\Windows\\System32\\Wbem;C:\\Windows\\System32\\WindowsPowerShell\\v1.0\\;C:\\Program Files\\Intel\\OpenCL SDK\\2.0\\bin\\x86;C:\\Program Files\\Intel\\Intel(R) Management Engine Components\\DAL;C:\\Program Files\\Intel\\Intel(R) Management Engine Components\\IPT;C:\\Program Files\\Intel\\WiFi\\bin\\;C:\\Program Files\\Common Files\\Intel\\WirelessCommon\\;C:\\Program Files\\Lenovo\\Access Connections\\;C:\\Program Files\\Bitvise SSH Client;C:\\Program Data\\Universal Extractor;C:\\Program Data\\Universal Extractor\\bin;C:\\Program Files\\TortoiseSVN\\bin;C:\\Program Files\\Microsoft SQL Server\\80\\Tools\\BINN;C:\\Program Files\\Microsoft SQL Server\\100\\Tools\\Binn\\;C:\\Program Files\\Microsoft SQL Server\\100\\DTS\\Binn\\;C:\\Program Files\\Microsoft SQL Server\\100\\Tools\\Binn\\VSShell\\Common7\\IDE\\;C:\\Program Files\\nodejs\\;C:\\Program Files\\Git\\cmd;C:\\Program Files\\Git\\bin;D:\\xampp\\php;C:\\ProgramData\\ComposerSetup\\bin;C:\\Program Files\\GtkSharp\\2.12\\bin;C:\\Program Files\\OpenVPN\\bin;C:\\Program Files\\TortoiseGit\\bin;C:\\Program Files\\Java\\jdk1.8.0_40\\bin;C:\\Program Files\\WinAnt\\bin;C:\\Users\\BDO-IT\\AppData\\Roaming\\npm'
    'SystemRoot' => 'C:\\Windows'
    'COMSPEC' => 'C:\\Windows\\system32\\cmd.exe'
    'PATHEXT' => '.COM;.EXE;.BAT;.CMD;.VBS;.VBE;.JS;.JSE;.WSF;.WSH;.MSC'
    'WINDIR' => 'C:\\Windows'
    'SERVER_SIGNATURE' => '<address>Apache/2.4.10 (Win32) OpenSSL/1.0.1i PHP/5.5.15 Server at leave.local Port 80</address>
'
    'SERVER_SOFTWARE' => 'Apache/2.4.10 (Win32) OpenSSL/1.0.1i PHP/5.5.15'
    'SERVER_NAME' => 'leave.local'
    'SERVER_ADDR' => '127.0.0.1'
    'SERVER_PORT' => '80'
    'REMOTE_ADDR' => '127.0.0.1'
    'DOCUMENT_ROOT' => 'D:/xampp/htdocs/bdoleave'
    'REQUEST_SCHEME' => 'http'
    'CONTEXT_PREFIX' => ''
    'CONTEXT_DOCUMENT_ROOT' => 'D:/xampp/htdocs/bdoleave'
    'SERVER_ADMIN' => 'admin@local'
    'SCRIPT_FILENAME' => 'D:/xampp/htdocs/bdoleave/web/index.php'
    'REMOTE_PORT' => '3053'
    'GATEWAY_INTERFACE' => 'CGI/1.1'
    'SERVER_PROTOCOL' => 'HTTP/1.1'
    'REQUEST_METHOD' => 'GET'
    'QUERY_STRING' => 'r=report%2Fbalanced-card'
    'REQUEST_URI' => '/web/index.php?r=report%2Fbalanced-card'
    'SCRIPT_NAME' => '/web/index.php'
    'PHP_SELF' => '/web/index.php'
    'REQUEST_TIME_FLOAT' => 1455076774.655
    'REQUEST_TIME' => 1455076774
]
